[INFO] 506 subreddits in list.


=== ROUND 1/3 : 506 subs ===
[SCRAPE] r/Smasyndrome
[SCRAPE] r/NBBrainDisease
  · 50 posts so far; sleeping 2 s
  ✓ r/NBBrainDisease saved 75 posts
[SCRAPE] r/PRIONnews
  ✓ r/PRIONnews saved 29 posts
[SCRAPE] r/Angioedema
  · 50 posts so far; sleeping 2 s
  · 100 posts so far; sleeping 2 s
  ✓ r/Angioedema saved 101 posts
[SCRAPE] r/HAE
  · 50 posts so far; sleeping 2 s
  ✓ r/HAE saved 67 posts
[SCRAPE] r/secondaryAI
  ✓ r/secondaryAI saved 6 posts
[SCRAPE] r/HCTDs
  ✓ r/HCTDs saved 17 posts
[SCRAPE] r/AcquiredSavant
  ✓ r/AcquiredSavant saved 1 posts
[SCRAPE] r/acquiredlipodystrophy
[SCRAPE] r/queerlichensclerosus
  ✓ r/queerlichensclerosus saved 1 posts
[SCRAPE] r/guillainbarre
  · 50 posts so far; sleeping 2 s
  · 100 posts so far; sleeping 2 s
  · 150 posts so far; sleeping 2 s
  · 200 posts so far; sleeping 2 s
  · 250 posts so far; sleeping 2 s
  · 300 posts so far; sleeping 2 s
  · 350 posts so far; sleeping 2 s
  · 400 posts so far; sleeping 2 s
  · 450 posts so far; sleeping 2 s
  · 500 posts so far; sleeping 2 s
  · 550 posts so far; sleeping 2 s
  · 600 posts so far; sleeping 2 s
  · 650 posts so far; sleeping 2 s
  · 700 posts so far; sleeping 2 s
  · 750 posts so far; sleeping 2 s
  · 800 posts so far; sleeping 2 s
  · 850 posts so far; sleeping 2 s
  · 900 posts so far; sleeping 2 s
  · 950 posts so far; sleeping 2 s
  ✓ r/guillainbarre saved 997 posts
[SCRAPE] r/PureSensoryCIDP
  ✓ r/PureSensoryCIDP saved 7 posts
[SCRAPE] r/AZOOR
  ✓ r/AZOOR saved 30 posts
[SCRAPE] r/adem
[SCRAPE] r/PANS_PANDAS
  ✓ r/PANS_PANDAS saved 15 posts
[SCRAPE] r/PMOPAWS
  · 50 posts so far; sleeping 2 s
  ✓ r/PMOPAWS saved 96 posts
[SCRAPE] r/transverse_myelitis
  · 50 posts so far; sleeping 2 s
  · 100 posts so far; sleeping 2 s
  · 150 posts so far; sleeping 2 s
  ✓ r/transverse_myelitis saved 162 posts
[SCRAPE] r/Transversemyelitis
  ✓ r/Transversemyelitis saved 5 posts
[SCRAPE] r/HHT
  · 50 posts so far; sleeping 2 s
  · 100 posts so far; sleeping 2 s
  · 150 posts so far; sleeping 2 s
  ✓ r/HHT saved 180 posts
[SCRAPE] r/Pheochromocytoma
[SCRAPE] r/micropenissupport
  · 50 posts so far; sleeping 2 s
  ✓ r/micropenissupport saved 51 posts
[SCRAPE] r/ultrararedisease
  ✓ r/ultrararedisease saved 14 posts
[SCRAPE] r/primaryimmune
  · 50 posts so far; sleeping 2 s
  · 100 posts so far; sleeping 2 s
  ✓ r/primaryimmune saved 120 posts
[SCRAPE] r/NFNFIHD
  ✓ r/NFNFIHD saved 7 posts
[SCRAPE] r/LGLL
  ✓ r/LGLL saved 8 posts
[SCRAPE] r/BPMC
  ✓ r/BPMC saved 9 posts
[SCRAPE] r/PSSD
  · 50 posts so far; sleeping 2 s
  · 100 posts so far; sleeping 2 s
  · 150 posts so far; sleeping 2 s
  · 200 posts so far; sleeping 2 s
  · 250 posts so far; sleeping 2 s
  · 300 posts so far; sleeping 2 s
  · 350 posts so far; sleeping 2 s
  · 400 posts so far; sleeping 2 s
  · 450 posts so far; sleeping 2 s
  · 500 posts so far; sleeping 2 s
  · 550 posts so far; sleeping 2 s
  · 600 posts so far; sleeping 2 s
  · 650 posts so far; sleeping 2 s
  · 700 posts so far; sleeping 2 s
  · 750 posts so far; sleeping 2 s
  · 800 posts so far; sleeping 2 s
  · 850 posts so far; sleeping 2 s
  · 900 posts so far; sleeping 2 s
  · 950 posts so far; sleeping 2 s
  ✓ r/PSSD saved 996 posts
[SCRAPE] r/AlagilleSyndrome
[WARN] r/AlagilleSyndrome: received 403 HTTP response
[SCRAPE] r/LGMD
[WARN] r/LGMD: received 403 HTTP response
[SCRAPE] r/MuscularDystrophy
  · 50 posts so far; sleeping 2 s
  · 100 posts so far; sleeping 2 s
  · 150 posts so far; sleeping 2 s
  · 200 posts so far; sleeping 2 s
  · 250 posts so far; sleeping 2 s
  · 300 posts so far; sleeping 2 s
  · 350 posts so far; sleeping 2 s
  · 400 posts so far; sleeping 2 s
  · 450 posts so far; sleeping 2 s
  · 500 posts so far; sleeping 2 s
  · 550 posts so far; sleeping 2 s
  · 600 posts so far; sleeping 2 s
  · 650 posts so far; sleeping 2 s
  · 700 posts so far; sleeping 2 s
  · 750 posts so far; sleeping 2 s
  · 800 posts so far; sleeping 2 s
  · 850 posts so far; sleeping 2 s
  · 900 posts so far; sleeping 2 s
  · 950 posts so far; sleeping 2 s
  ✓ r/MuscularDystrophy saved 983 posts
[SCRAPE] r/kallmann_syndrome
  · 50 posts so far; sleeping 2 s
  · 100 posts so far; sleeping 2 s
  · 150 posts so far; sleeping 2 s
  · 200 posts so far; sleeping 2 s
  · 250 posts so far; sleeping 2 s
  · 300 posts so far; sleeping 2 s
  · 350 posts so far; sleeping 2 s
  · 400 posts so far; sleeping 2 s
  · 450 posts so far; sleeping 2 s
  · 500 posts so far; sleeping 2 s
  ✓ r/kallmann_syndrome saved 548 posts
[SCRAPE] r/ameloblastoma
[WARN] r/ameloblastoma: received 403 HTTP response
[SCRAPE] r/Huntingtons
  · 50 posts so far; sleeping 2 s
  · 100 posts so far; sleeping 2 s
  · 150 posts so far; sleeping 2 s
  · 200 posts so far; sleeping 2 s
  · 250 posts so far; sleeping 2 s
  · 300 posts so far; sleeping 2 s
  · 350 posts so far; sleeping 2 s
  · 400 posts so far; sleeping 2 s
  · 450 posts so far; sleeping 2 s
  · 500 posts so far; sleeping 2 s
  · 550 posts so far; sleeping 2 s
  · 600 posts so far; sleeping 2 s
  · 650 posts so far; sleeping 2 s
  · 700 posts so far; sleeping 2 s
  · 750 posts so far; sleeping 2 s
  · 800 posts so far; sleeping 2 s
  · 850 posts so far; sleeping 2 s
  · 900 posts so far; sleeping 2 s
  · 950 posts so far; sleeping 2 s
  ✓ r/Huntingtons saved 994 posts
[SCRAPE] r/braincancer
  · 50 posts so far; sleeping 2 s
  · 100 posts so far; sleeping 2 s
  · 150 posts so far; sleeping 2 s
  · 200 posts so far; sleeping 2 s
  · 250 posts so far; sleeping 2 s
  · 300 posts so far; sleeping 2 s
  · 350 posts so far; sleeping 2 s
  · 400 posts so far; sleeping 2 s
  · 450 posts so far; sleeping 2 s
  · 500 posts so far; sleeping 2 s
  · 550 posts so far; sleeping 2 s
  · 600 posts so far; sleeping 2 s
  · 650 posts so far; sleeping 2 s
  · 700 posts so far; sleeping 2 s
  · 750 posts so far; sleeping 2 s
  · 800 posts so far; sleeping 2 s
  · 850 posts so far; sleeping 2 s
  · 900 posts so far; sleeping 2 s
  · 950 posts so far; sleeping 2 s
  ✓ r/braincancer saved 980 posts
[SCRAPE] r/PeriodicParalysis
  · 50 posts so far; sleeping 2 s
  · 100 posts so far; sleeping 2 s
  ✓ r/PeriodicParalysis saved 131 posts
[SCRAPE] r/PGAD
[WARN] r/PGAD: received 403 HTTP response
[SCRAPE] r/BrainCysts
  · 50 posts so far; sleeping 2 s
  ✓ r/BrainCysts saved 76 posts
[SCRAPE] r/arachnoidcyst
  ✓ r/arachnoidcyst saved 1 posts
[SCRAPE] r/Arachnoiditis
  ✓ r/Arachnoiditis saved 1 posts
[SCRAPE] r/VHFs
  ✓ r/VHFs saved 15 posts
[SCRAPE] r/thoracicoutlet
[WARN] r/thoracicoutlet: received 403 HTTP response
[SCRAPE] r/eds
  · 50 posts so far; sleeping 2 s
  · 100 posts so far; sleeping 2 s
  · 150 posts so far; sleeping 2 s
  · 200 posts so far; sleeping 2 s
  · 250 posts so far; sleeping 2 s
  · 300 posts so far; sleeping 2 s
  · 350 posts so far; sleeping 2 s
  · 400 posts so far; sleeping 2 s
  · 450 posts so far; sleeping 2 s
  · 500 posts so far; sleeping 2 s
  · 550 posts so far; sleeping 2 s
  · 600 posts so far; sleeping 2 s
  · 650 posts so far; sleeping 2 s
  · 700 posts so far; sleeping 2 s
  · 750 posts so far; sleeping 2 s
  · 800 posts so far; sleeping 2 s
  · 850 posts so far; sleeping 2 s
  · 900 posts so far; sleeping 2 s
  · 950 posts so far; sleeping 2 s
  · 1000 posts so far; sleeping 2 s
  ✓ r/eds saved 1000 posts
[SCRAPE] r/hEDS
  ✓ r/hEDS saved 32 posts
[SCRAPE] r/neurofibromatosis
  · 50 posts so far; sleeping 2 s
  · 100 posts so far; sleeping 2 s
  · 150 posts so far; sleeping 2 s
  · 200 posts so far; sleeping 2 s
  · 250 posts so far; sleeping 2 s
  · 300 posts so far; sleeping 2 s
  · 350 posts so far; sleeping 2 s
  · 400 posts so far; sleeping 2 s
  · 450 posts so far; sleeping 2 s
  · 500 posts so far; sleeping 2 s
  · 550 posts so far; sleeping 2 s
  · 600 posts so far; sleeping 2 s
  · 650 posts so far; sleeping 2 s
  · 700 posts so far; sleeping 2 s
  · 750 posts so far; sleeping 2 s
  · 800 posts so far; sleeping 2 s
  · 850 posts so far; sleeping 2 s
  · 900 posts so far; sleeping 2 s
  · 950 posts so far; sleeping 2 s
  ✓ r/neurofibromatosis saved 988 posts
[SCRAPE] r/EctodermalDysplasia
  ✓ r/EctodermalDysplasia saved 40 posts
[SCRAPE] r/KPRubraFaceii
  · 50 posts so far; sleeping 2 s
  · 100 posts so far; sleeping 2 s
  · 150 posts so far; sleeping 2 s
  · 200 posts so far; sleeping 2 s
  · 250 posts so far; sleeping 2 s
  · 300 posts so far; sleeping 2 s
  · 350 posts so far; sleeping 2 s
  · 400 posts so far; sleeping 2 s
  · 450 posts so far; sleeping 2 s
  · 500 posts so far; sleeping 2 s
  · 550 posts so far; sleeping 2 s
  · 600 posts so far; sleeping 2 s
  · 650 posts so far; sleeping 2 s
  · 700 posts so far; sleeping 2 s
  · 750 posts so far; sleeping 2 s
  · 800 posts so far; sleeping 2 s
  · 850 posts so far; sleeping 2 s
  · 900 posts so far; sleeping 2 s
  · 950 posts so far; sleeping 2 s
  ✓ r/KPRubraFaceii saved 968 posts
[SCRAPE] r/Rettsyndrome
  ✓ r/Rettsyndrome saved 33 posts
[SCRAPE] r/AVXL
  ✓ r/AVXL saved 21 posts
[SCRAPE] r/lqts
  · 50 posts so far; sleeping 2 s
  · 100 posts so far; sleeping 2 s
  ✓ r/lqts saved 142 posts
[SCRAPE] r/CMLsupport
  ✓ r/CMLsupport saved 2 posts
[SCRAPE] r/PSPcommunity
  ✓ r/PSPcommunity saved 22 posts
[SCRAPE] r/Vitiligo
  · 50 posts so far; sleeping 2 s
  · 100 posts so far; sleeping 2 s
  · 150 posts so far; sleeping 2 s
  · 200 posts so far; sleeping 2 s
  · 250 posts so far; sleeping 2 s
  · 300 posts so far; sleeping 2 s
  · 350 posts so far; sleeping 2 s
  · 400 posts so far; sleeping 2 s
  · 450 posts so far; sleeping 2 s
  · 500 posts so far; sleeping 2 s
  · 550 posts so far; sleeping 2 s
  · 600 posts so far; sleeping 2 s
  · 650 posts so far; sleeping 2 s
  · 700 posts so far; sleeping 2 s
  · 750 posts so far; sleeping 2 s
  · 800 posts so far; sleeping 2 s
  · 850 posts so far; sleeping 2 s
  · 900 posts so far; sleeping 2 s
  · 950 posts so far; sleeping 2 s
  ✓ r/Vitiligo saved 976 posts
[SCRAPE] r/UARS
  · 50 posts so far; sleeping 2 s
  · 100 posts so far; sleeping 2 s
  · 150 posts so far; sleeping 2 s
  · 200 posts so far; sleeping 2 s
  · 250 posts so far; sleeping 2 s
  · 300 posts so far; sleeping 2 s
  · 350 posts so far; sleeping 2 s
  · 400 posts so far; sleeping 2 s
  · 450 posts so far; sleeping 2 s
  · 500 posts so far; sleeping 2 s
  · 550 posts so far; sleeping 2 s
  · 600 posts so far; sleeping 2 s
  · 650 posts so far; sleeping 2 s
  · 700 posts so far; sleeping 2 s
  · 750 posts so far; sleeping 2 s
  · 800 posts so far; sleeping 2 s
  · 850 posts so far; sleeping 2 s
  · 900 posts so far; sleeping 2 s
  · 950 posts so far; sleeping 2 s
  ✓ r/UARS saved 999 posts
[SCRAPE] r/G6PD_CNSHA
  ✓ r/G6PD_CNSHA saved 10 posts
[SCRAPE] r/autoimmunehepatitis
  · 50 posts so far; sleeping 2 s
  · 100 posts so far; sleeping 2 s
  · 150 posts so far; sleeping 2 s
  · 200 posts so far; sleeping 2 s
  · 250 posts so far; sleeping 2 s
  · 300 posts so far; sleeping 2 s
  · 350 posts so far; sleeping 2 s
  · 400 posts so far; sleeping 2 s
  · 450 posts so far; sleeping 2 s
  · 500 posts so far; sleeping 2 s
  · 550 posts so far; sleeping 2 s
  ✓ r/autoimmunehepatitis saved 587 posts
[SCRAPE] r/APMPPE
  ✓ r/APMPPE saved 2 posts
[SCRAPE] r/CorpusCallosum
  ✓ r/CorpusCallosum saved 14 posts
[SCRAPE] r/EDS_Comorbidities
  ✓ r/EDS_Comorbidities saved 24 posts
[SCRAPE] r/emptynosesyndrome
  · 50 posts so far; sleeping 2 s
  · 100 posts so far; sleeping 2 s
  · 150 posts so far; sleeping 2 s
  · 200 posts so far; sleeping 2 s
  · 250 posts so far; sleeping 2 s
  · 300 posts so far; sleeping 2 s
  · 350 posts so far; sleeping 2 s
  · 400 posts so far; sleeping 2 s
  · 450 posts so far; sleeping 2 s
  · 500 posts so far; sleeping 2 s
  · 550 posts so far; sleeping 2 s
  · 600 posts so far; sleeping 2 s
  · 650 posts so far; sleeping 2 s
  · 700 posts so far; sleeping 2 s
  · 750 posts so far; sleeping 2 s
  · 800 posts so far; sleeping 2 s
  · 850 posts so far; sleeping 2 s
  · 900 posts so far; sleeping 2 s
  · 950 posts so far; sleeping 2 s
  ✓ r/emptynosesyndrome saved 998 posts
[SCRAPE] r/FSHD
  · 50 posts so far; sleeping 2 s
  · 100 posts so far; sleeping 2 s
  · 150 posts so far; sleeping 2 s
  · 200 posts so far; sleeping 2 s
  · 250 posts so far; sleeping 2 s
  · 300 posts so far; sleeping 2 s
  · 350 posts so far; sleeping 2 s
  ✓ r/FSHD saved 368 posts
[SCRAPE] r/BeckersNevus
  · 50 posts so far; sleeping 2 s
  ✓ r/BeckersNevus saved 63 posts
[SCRAPE] r/bvFTD
  ✓ r/bvFTD saved 9 posts
[SCRAPE] r/Behcets
  · 50 posts so far; sleeping 2 s
  · 100 posts so far; sleeping 2 s
  · 150 posts so far; sleeping 2 s
  · 200 posts so far; sleeping 2 s
  · 250 posts so far; sleeping 2 s
  · 300 posts so far; sleeping 2 s
  · 350 posts so far; sleeping 2 s
  · 400 posts so far; sleeping 2 s
  · 450 posts so far; sleeping 2 s
  · 500 posts so far; sleeping 2 s
  · 550 posts so far; sleeping 2 s
  · 600 posts so far; sleeping 2 s
  · 650 posts so far; sleeping 2 s
  · 700 posts so far; sleeping 2 s
  · 750 posts so far; sleeping 2 s
  · 800 posts so far; sleeping 2 s
  · 850 posts so far; sleeping 2 s
  · 900 posts so far; sleeping 2 s
  · 950 posts so far; sleeping 2 s
  ✓ r/Behcets saved 995 posts
[SCRAPE] r/biliaryatresia
[SCRAPE] r/KlippelTrenaunay
  ✓ r/KlippelTrenaunay saved 45 posts
[SCRAPE] r/biid
  · 50 posts so far; sleeping 2 s
  · 100 posts so far; sleeping 2 s
  · 150 posts so far; sleeping 2 s
  · 200 posts so far; sleeping 2 s
  · 250 posts so far; sleeping 2 s
  · 300 posts so far; sleeping 2 s
  · 350 posts so far; sleeping 2 s
  · 400 posts so far; sleeping 2 s
  · 450 posts so far; sleeping 2 s
  · 500 posts so far; sleeping 2 s
  · 550 posts so far; sleeping 2 s
  · 600 posts so far; sleeping 2 s
  · 650 posts so far; sleeping 2 s
  · 700 posts so far; sleeping 2 s
  · 750 posts so far; sleeping 2 s
  · 800 posts so far; sleeping 2 s
  · 850 posts so far; sleeping 2 s
  · 900 posts so far; sleeping 2 s
  · 950 posts so far; sleeping 2 s
  ✓ r/biid saved 990 posts
[SCRAPE] r/StupidBotulism
  ✓ r/StupidBotulism saved 6 posts
[SCRAPE] r/Brachydactyly_Type_D
  ✓ r/Brachydactyly_Type_D saved 29 posts
[SCRAPE] r/C3G
[WARN] r/C3G: received 403 HTTP response
[SCRAPE] r/CLN3_Battens_Parents
  ✓ r/CLN3_Battens_Parents saved 3 posts
[SCRAPE] r/scleroderma
  · 50 posts so far; sleeping 2 s
  · 100 posts so far; sleeping 2 s
  · 150 posts so far; sleeping 2 s
  · 200 posts so far; sleeping 2 s
  · 250 posts so far; sleeping 2 s
  · 300 posts so far; sleeping 2 s
  · 350 posts so far; sleeping 2 s
  · 400 posts so far; sleeping 2 s
  · 450 posts so far; sleeping 2 s
  · 500 posts so far; sleeping 2 s
  · 550 posts so far; sleeping 2 s
  · 600 posts so far; sleeping 2 s
  · 650 posts so far; sleeping 2 s
  · 700 posts so far; sleeping 2 s
  · 750 posts so far; sleeping 2 s
  · 800 posts so far; sleeping 2 s
  · 850 posts so far; sleeping 2 s
  · 900 posts so far; sleeping 2 s
  · 950 posts so far; sleeping 2 s
  ✓ r/scleroderma saved 985 posts
[SCRAPE] r/Calciphylaxis
  ✓ r/Calciphylaxis saved 4 posts
[SCRAPE] r/CarcinoidSyndrome
  ✓ r/CarcinoidSyndrome saved 26 posts
[SCRAPE] r/CerebellarHypoplasia
  · 50 posts so far; sleeping 2 s
  · 100 posts so far; sleeping 2 s
  · 150 posts so far; sleeping 2 s
  · 200 posts so far; sleeping 2 s
  · 250 posts so far; sleeping 2 s
  ✓ r/CerebellarHypoplasia saved 281 posts
[SCRAPE] r/kidsofcp
  ✓ r/kidsofcp saved 2 posts
[SCRAPE] r/CVICommunity
  ✓ r/CVICommunity saved 6 posts
[SCRAPE] r/Autoinflammatory
  · 50 posts so far; sleeping 2 s
  · 100 posts so far; sleeping 2 s
  ✓ r/Autoinflammatory saved 119 posts
[SCRAPE] r/chordoma
  ✓ r/chordoma saved 35 posts
[SCRAPE] r/choroideremia
[SCRAPE] r/CRPSfundraising
  ✓ r/CRPSfundraising saved 15 posts
[SCRAPE] r/ConeRodDystrophy
  ✓ r/ConeRodDystrophy saved 4 posts
[SCRAPE] r/ConeDystrophy
  ✓ r/ConeDystrophy saved 2 posts
[SCRAPE] r/EbsteinsAnomaly
  ✓ r/EbsteinsAnomaly saved 31 posts
[SCRAPE] r/heartmoms
  ✓ r/heartmoms saved 9 posts
[SCRAPE] r/Hydrocephalus
  · 50 posts so far; sleeping 2 s
  · 100 posts so far; sleeping 2 s
  · 150 posts so far; sleeping 2 s
  · 200 posts so far; sleeping 2 s
  · 250 posts so far; sleeping 2 s
  · 300 posts so far; sleeping 2 s
  · 350 posts so far; sleeping 2 s
  · 400 posts so far; sleeping 2 s
  · 450 posts so far; sleeping 2 s
  · 500 posts so far; sleeping 2 s
  · 550 posts so far; sleeping 2 s
  · 600 posts so far; sleeping 2 s
  · 650 posts so far; sleeping 2 s
  · 700 posts so far; sleeping 2 s
  · 750 posts so far; sleeping 2 s
  · 800 posts so far; sleeping 2 s
  · 850 posts so far; sleeping 2 s
  · 900 posts so far; sleeping 2 s
  · 950 posts so far; sleeping 2 s
  ✓ r/Hydrocephalus saved 993 posts
[SCRAPE] r/PerniciousAnemia
  · 50 posts so far; sleeping 2 s
  ✓ r/PerniciousAnemia saved 90 posts
[SCRAPE] r/CongenitalPtosis
[WARN] r/CongenitalPtosis: received 403 HTTP response
[SCRAPE] r/conjoinedtwins
[SCRAPE] r/craniosynostosis
[WARN] r/craniosynostosis: received 403 HTTP response
[SCRAPE] r/mastcelldisease
  · 50 posts so far; sleeping 2 s
  · 100 posts so far; sleeping 2 s
  · 150 posts so far; sleeping 2 s
  · 200 posts so far; sleeping 2 s
  · 250 posts so far; sleeping 2 s
  · 300 posts so far; sleeping 2 s
  · 350 posts so far; sleeping 2 s
  · 400 posts so far; sleeping 2 s
  · 450 posts so far; sleeping 2 s
  · 500 posts so far; sleeping 2 s
  · 550 posts so far; sleeping 2 s
  · 600 posts so far; sleeping 2 s
  · 650 posts so far; sleeping 2 s
  · 700 posts so far; sleeping 2 s
  · 750 posts so far; sleeping 2 s
  · 800 posts so far; sleeping 2 s
  · 850 posts so far; sleeping 2 s
  ✓ r/mastcelldisease saved 861 posts
[SCRAPE] r/CysticFibrosisOnly
  · 50 posts so far; sleeping 2 s
  ✓ r/CysticFibrosisOnly saved 57 posts
[SCRAPE] r/Cystic_Fibrosis
  ✓ r/Cystic_Fibrosis saved 31 posts
[SCRAPE] r/Fetalcystichygroma
  ✓ r/Fetalcystichygroma saved 5 posts
[SCRAPE] r/diphallia
[WARN] r/diphallia: received 404 HTTP response
[SCRAPE] r/Diphtheria
[SCRAPE] r/DissectingCellulitis
  ✓ r/DissectingCellulitis saved 21 posts
[SCRAPE] r/OPMD
  ✓ r/OPMD saved 11 posts
[SCRAPE] r/DuaneSyndrome
  · 50 posts so far; sleeping 2 s
  ✓ r/DuaneSyndrome saved 92 posts
[SCRAPE] r/Hypopituitarism
  · 50 posts so far; sleeping 2 s
  · 100 posts so far; sleeping 2 s
  · 150 posts so far; sleeping 2 s
  · 200 posts so far; sleeping 2 s
  · 250 posts so far; sleeping 2 s
  · 300 posts so far; sleeping 2 s
  ✓ r/Hypopituitarism saved 338 posts
[SCRAPE] r/Pituitary
  ✓ r/Pituitary saved 15 posts
[SCRAPE] r/EpidermolysisBullosa
  ✓ r/EpidermolysisBullosa saved 38 posts
[SCRAPE] r/UCTD
  · 50 posts so far; sleeping 2 s
  · 100 posts so far; sleeping 2 s
  · 150 posts so far; sleeping 2 s
  · 200 posts so far; sleeping 2 s
  · 250 posts so far; sleeping 2 s
  · 300 posts so far; sleeping 2 s
  · 350 posts so far; sleeping 2 s
  ✓ r/UCTD saved 367 posts
[SCRAPE] r/EGID
  · 50 posts so far; sleeping 2 s
  ✓ r/EGID saved 55 posts
[SCRAPE] r/EosinophilicFasciitis
[SCRAPE] r/GranulPolyangiitis
  ✓ r/GranulPolyangiitis saved 19 posts
[SCRAPE] r/EpendymomaWarriors
  ✓ r/EpendymomaWarriors saved 4 posts
[SCRAPE] r/UARSnew
  · 50 posts so far; sleeping 2 s
  · 100 posts so far; sleeping 2 s
  · 150 posts so far; sleeping 2 s
  · 200 posts so far; sleeping 2 s
  · 250 posts so far; sleeping 2 s
  · 300 posts so far; sleeping 2 s
  · 350 posts so far; sleeping 2 s
  · 400 posts so far; sleeping 2 s
  · 450 posts so far; sleeping 2 s
  · 500 posts so far; sleeping 2 s
  · 550 posts so far; sleeping 2 s
  · 600 posts so far; sleeping 2 s
  · 650 posts so far; sleeping 2 s
  · 700 posts so far; sleeping 2 s
  · 750 posts so far; sleeping 2 s
  · 800 posts so far; sleeping 2 s
  · 850 posts so far; sleeping 2 s
  · 900 posts so far; sleeping 2 s
  · 950 posts so far; sleeping 2 s
  ✓ r/UARSnew saved 999 posts
[SCRAPE] r/Hypotonia
  · 50 posts so far; sleeping 2 s
  ✓ r/Hypotonia saved 78 posts
[SCRAPE] r/fxPremutationCarriers
  ✓ r/fxPremutationCarriers saved 9 posts
[SCRAPE] r/FriedreichsAtaxia
  ✓ r/FriedreichsAtaxia saved 36 posts
[SCRAPE] r/frontotemporal
  ✓ r/frontotemporal saved 25 posts
[SCRAPE] r/rhythmicmovementdisor
  ✓ r/rhythmicmovementdisor saved 4 posts
[SCRAPE] r/Gastroschisis
[WARN] r/Gastroschisis: received 404 HTTP response
[SCRAPE] r/OrthostaticTremors
[WARN] r/OrthostaticTremors: received 403 HTTP response
[SCRAPE] r/HypertrophicCM
  · 50 posts so far; sleeping 2 s
  · 100 posts so far; sleeping 2 s
  · 150 posts so far; sleeping 2 s
  · 200 posts so far; sleeping 2 s
  · 250 posts so far; sleeping 2 s
  · 300 posts so far; sleeping 2 s
  · 350 posts so far; sleeping 2 s
  · 400 posts so far; sleeping 2 s
  · 450 posts so far; sleeping 2 s
  · 500 posts so far; sleeping 2 s
  · 550 posts so far; sleeping 2 s
  · 600 posts so far; sleeping 2 s
  · 650 posts so far; sleeping 2 s
  ✓ r/HypertrophicCM saved 685 posts
[SCRAPE] r/GoldenharSyndrome
  ✓ r/GoldenharSyndrome saved 2 posts
[SCRAPE] r/AiWSyndrome
  · 50 posts so far; sleeping 2 s
  ✓ r/AiWSyndrome saved 73 posts
[SCRAPE] r/GorlinSyndrome
  ✓ r/GorlinSyndrome saved 5 posts
[SCRAPE] r/GranulomatousMastitis
  ✓ r/GranulomatousMastitis saved 5 posts
[SCRAPE] r/hyperekplexia
[SCRAPE] r/aplasticanemia
  · 50 posts so far; sleeping 2 s
  · 100 posts so far; sleeping 2 s
  · 150 posts so far; sleeping 2 s
  ✓ r/aplasticanemia saved 157 posts
[SCRAPE] r/SCADHeart
  ✓ r/SCADHeart saved 10 posts
[SCRAPE] r/syringomyelia_syrinx
  ✓ r/syringomyelia_syrinx saved 1 posts
[SCRAPE] r/cfs
  · 50 posts so far; sleeping 2 s
  · 100 posts so far; sleeping 2 s
  · 150 posts so far; sleeping 2 s
  · 200 posts so far; sleeping 2 s
  · 250 posts so far; sleeping 2 s
  · 300 posts so far; sleeping 2 s
  · 350 posts so far; sleeping 2 s
  · 400 posts so far; sleeping 2 s
  · 450 posts so far; sleeping 2 s
  · 500 posts so far; sleeping 2 s
  · 550 posts so far; sleeping 2 s
  · 600 posts so far; sleeping 2 s
  · 650 posts so far; sleeping 2 s
  · 700 posts so far; sleeping 2 s
  · 750 posts so far; sleeping 2 s
  · 800 posts so far; sleeping 2 s
  · 850 posts so far; sleeping 2 s
  · 900 posts so far; sleeping 2 s
  · 950 posts so far; sleeping 2 s
  ✓ r/cfs saved 998 posts
[SCRAPE] r/coppertoxic
  ✓ r/coppertoxic saved 8 posts
[SCRAPE] r/ThyroidEyeDisease
  · 50 posts so far; sleeping 2 s
  · 100 posts so far; sleeping 2 s
  · 150 posts so far; sleeping 2 s
  · 200 posts so far; sleeping 2 s
  · 250 posts so far; sleeping 2 s
  · 300 posts so far; sleeping 2 s
  · 350 posts so far; sleeping 2 s
  · 400 posts so far; sleeping 2 s
  · 450 posts so far; sleeping 2 s
  · 500 posts so far; sleeping 2 s
  · 550 posts so far; sleeping 2 s
  · 600 posts so far; sleeping 2 s
  · 650 posts so far; sleeping 2 s
  ✓ r/ThyroidEyeDisease saved 656 posts
[SCRAPE] r/Vasculitis
  ✓ r/Vasculitis saved 1 posts
[SCRAPE] r/IncontinentiaPigmenti
[SCRAPE] r/LCH
  ✓ r/LCH saved 5 posts
[SCRAPE] r/pompediseaseparents
  ✓ r/pompediseaseparents saved 5 posts
[SCRAPE] r/infantilespasms
  · 50 posts so far; sleeping 2 s
  · 100 posts so far; sleeping 2 s
  · 150 posts so far; sleeping 2 s
  · 200 posts so far; sleeping 2 s
  · 250 posts so far; sleeping 2 s
  · 300 posts so far; sleeping 2 s
  · 350 posts so far; sleeping 2 s
  ✓ r/infantilespasms saved 384 posts
[SCRAPE] r/POTS_Minnesota
  · 50 posts so far; sleeping 2 s
  · 100 posts so far; sleeping 2 s
  ✓ r/POTS_Minnesota saved 148 posts
[SCRAPE] r/faceblind
  · 50 posts so far; sleeping 2 s
  ✓ r/faceblind saved 82 posts
[SCRAPE] r/CharcotMarieTooth
  ✓ r/CharcotMarieTooth saved 31 posts
[SCRAPE] r/interm_hydrarthrosis
  ✓ r/interm_hydrarthrosis saved 4 posts
[SCRAPE] r/fastfeeling
  · 50 posts so far; sleeping 2 s
  · 100 posts so far; sleeping 2 s
  · 150 posts so far; sleeping 2 s
  · 200 posts so far; sleeping 2 s
  · 250 posts so far; sleeping 2 s
  · 300 posts so far; sleeping 2 s
  · 350 posts so far; sleeping 2 s
  · 400 posts so far; sleeping 2 s
  · 450 posts so far; sleeping 2 s
  · 500 posts so far; sleeping 2 s
  · 550 posts so far; sleeping 2 s
  · 600 posts so far; sleeping 2 s
  · 650 posts so far; sleeping 2 s
  · 700 posts so far; sleeping 2 s
  · 750 posts so far; sleeping 2 s
  · 800 posts so far; sleeping 2 s
  · 850 posts so far; sleeping 2 s
  · 900 posts so far; sleeping 2 s
  · 950 posts so far; sleeping 2 s
  ✓ r/fastfeeling saved 993 posts
[SCRAPE] r/lymphangiectasia
  · 50 posts so far; sleeping 2 s
  ✓ r/lymphangiectasia saved 53 posts
[SCRAPE] r/MarcusGunnSyndrome
  ✓ r/MarcusGunnSyndrome saved 1 posts
[SCRAPE] r/Apraxia
  · 50 posts so far; sleeping 2 s
  · 100 posts so far; sleeping 2 s
  · 150 posts so far; sleeping 2 s
  · 200 posts so far; sleeping 2 s
  ✓ r/Apraxia saved 202 posts
[SCRAPE] r/CongenitalAnosmia
  ✓ r/CongenitalAnosmia saved 33 posts
[SCRAPE] r/OpticNerveHypoplasia
  ✓ r/OpticNerveHypoplasia saved 22 posts
[SCRAPE] r/sjsten
  ✓ r/sjsten saved 5 posts
[SCRAPE] r/NutcrackerSyndrome
  · 50 posts so far; sleeping 2 s
  · 100 posts so far; sleeping 2 s
  · 150 posts so far; sleeping 2 s
  · 200 posts so far; sleeping 2 s
  · 250 posts so far; sleeping 2 s
  · 300 posts so far; sleeping 2 s
  ✓ r/NutcrackerSyndrome saved 336 posts
[SCRAPE] r/monomelicamyotrophy
  ✓ r/monomelicamyotrophy saved 6 posts
[SCRAPE] r/PLSmnd
  ✓ r/PLSmnd saved 4 posts
[SCRAPE] r/KBGsyndrome
  ✓ r/KBGsyndrome saved 1 posts
[SCRAPE] r/kabukisyndrome
  ✓ r/kabukisyndrome saved 5 posts
[SCRAPE] r/KikuchiDisease
[SCRAPE] r/KleefstraSyndrome
[SCRAPE] r/kuru
[WARN] r/kuru: received 403 HTTP response
[SCRAPE] r/LARPAR
  · 50 posts so far; sleeping 2 s
  ✓ r/LARPAR saved 78 posts
[SCRAPE] r/Laryngocele
[SCRAPE] r/AMLX
  ✓ r/AMLX saved 23 posts
[SCRAPE] r/MEAction
  · 50 posts so far; sleeping 2 s
  · 100 posts so far; sleeping 2 s
  · 150 posts so far; sleeping 2 s
  · 200 posts so far; sleeping 2 s
  · 250 posts so far; sleeping 2 s
  · 300 posts so far; sleeping 2 s
  · 350 posts so far; sleeping 2 s
  · 400 posts so far; sleeping 2 s
  · 450 posts so far; sleeping 2 s
  · 500 posts so far; sleeping 2 s
  · 550 posts so far; sleeping 2 s
  · 600 posts so far; sleeping 2 s
  · 650 posts so far; sleeping 2 s
  · 700 posts so far; sleeping 2 s
  · 750 posts so far; sleeping 2 s
  · 800 posts so far; sleeping 2 s
  · 850 posts so far; sleeping 2 s
  ✓ r/MEAction saved 866 posts
[SCRAPE] r/leiomyosarcoma
  ✓ r/leiomyosarcoma saved 2 posts
[SCRAPE] r/opticatrophy
  ✓ r/opticatrophy saved 2 posts
[SCRAPE] r/leukodystrophy
  ✓ r/leukodystrophy saved 8 posts
[SCRAPE] r/PachyonychiaCongenita
  ✓ r/PachyonychiaCongenita saved 9 posts
[SCRAPE] r/Li_Fraumeni_Syndrome
  ✓ r/Li_Fraumeni_Syndrome saved 10 posts
[SCRAPE] r/LichenPlanopilaris
  ✓ r/LichenPlanopilaris saved 36 posts
[SCRAPE] r/mito
  · 50 posts so far; sleeping 2 s
  · 100 posts so far; sleeping 2 s
  · 150 posts so far; sleeping 2 s
  · 200 posts so far; sleeping 2 s
  · 250 posts so far; sleeping 2 s
  · 300 posts so far; sleeping 2 s
  ✓ r/mito saved 309 posts
[SCRAPE] r/chcats
  · 50 posts so far; sleeping 2 s
  · 100 posts so far; sleeping 2 s
  · 150 posts so far; sleeping 2 s
  · 200 posts so far; sleeping 2 s
  ✓ r/chcats saved 240 posts
[SCRAPE] r/CH_Kitties
[WARN] r/CH_Kitties: received 403 HTTP response
[SCRAPE] r/lupuspanniculitis
  ✓ r/lupuspanniculitis saved 3 posts
[SCRAPE] r/LAM
  ✓ r/LAM saved 8 posts
[SCRAPE] r/syndactyly
  ✓ r/syndactyly saved 28 posts
[SCRAPE] r/MCAS_
  ✓ r/MCAS_ saved 31 posts
[SCRAPE] r/marfans
  · 50 posts so far; sleeping 2 s
  · 100 posts so far; sleeping 2 s
  · 150 posts so far; sleeping 2 s
  · 200 posts so far; sleeping 2 s
  · 250 posts so far; sleeping 2 s
  · 300 posts so far; sleeping 2 s
  · 350 posts so far; sleeping 2 s
  · 400 posts so far; sleeping 2 s
  · 450 posts so far; sleeping 2 s
  · 500 posts so far; sleeping 2 s
  · 550 posts so far; sleeping 2 s
  · 600 posts so far; sleeping 2 s
  · 650 posts so far; sleeping 2 s
  · 700 posts so far; sleeping 2 s
  · 750 posts so far; sleeping 2 s
  · 800 posts so far; sleeping 2 s
  · 850 posts so far; sleeping 2 s
  · 900 posts so far; sleeping 2 s
  · 950 posts so far; sleeping 2 s
  ✓ r/marfans saved 989 posts
[SCRAPE] r/BierSpots
  ✓ r/BierSpots saved 2 posts
[SCRAPE] r/MastCellDiseases
  · 50 posts so far; sleeping 2 s
  · 100 posts so far; sleeping 2 s
  · 150 posts so far; sleeping 2 s
  · 200 posts so far; sleeping 2 s
  · 250 posts so far; sleeping 2 s
  · 300 posts so far; sleeping 2 s
  · 350 posts so far; sleeping 2 s
  · 400 posts so far; sleeping 2 s
  · 450 posts so far; sleeping 2 s
  · 500 posts so far; sleeping 2 s
  · 550 posts so far; sleeping 2 s
  · 600 posts so far; sleeping 2 s
  · 650 posts so far; sleeping 2 s
  ✓ r/MastCellDiseases saved 689 posts
[SCRAPE] r/MCAS
  · 50 posts so far; sleeping 2 s
  · 100 posts so far; sleeping 2 s
  · 150 posts so far; sleeping 2 s
  · 200 posts so far; sleeping 2 s
  · 250 posts so far; sleeping 2 s
  · 300 posts so far; sleeping 2 s
  · 350 posts so far; sleeping 2 s
  · 400 posts so far; sleeping 2 s
  · 450 posts so far; sleeping 2 s
  · 500 posts so far; sleeping 2 s
  · 550 posts so far; sleeping 2 s
  · 600 posts so far; sleeping 2 s
  · 650 posts so far; sleeping 2 s
  · 700 posts so far; sleeping 2 s
  · 750 posts so far; sleeping 2 s
  · 800 posts so far; sleeping 2 s
  · 850 posts so far; sleeping 2 s
  · 900 posts so far; sleeping 2 s
  · 950 posts so far; sleeping 2 s
  ✓ r/MCAS saved 993 posts
[SCRAPE] r/maythurnersyndrome
[SCRAPE] r/VaricoceleMayThurner
  ✓ r/VaricoceleMayThurner saved 39 posts
[SCRAPE] r/medullary_tc
  ✓ r/medullary_tc saved 4 posts
[SCRAPE] r/mesocardia
  ✓ r/mesocardia saved 2 posts
[SCRAPE] r/AMM
  ✓ r/AMM saved 3 posts
[SCRAPE] r/moebiussyndrome
  ✓ r/moebiussyndrome saved 43 posts
[SCRAPE] r/MastCellDisorders
  ✓ r/MastCellDisorders saved 5 posts
[SCRAPE] r/HirayamaDisease
  ✓ r/HirayamaDisease saved 30 posts
[SCRAPE] r/FibrousDysplasia
  ✓ r/FibrousDysplasia saved 23 posts
[SCRAPE] r/MosaicTurnerSyndrome
  ✓ r/MosaicTurnerSyndrome saved 29 posts
[SCRAPE] r/mnd
  ✓ r/mnd saved 13 posts
[SCRAPE] r/hsp_pls
  ✓ r/hsp_pls saved 13 posts
[SCRAPE] r/Sanfilippo
  ✓ r/Sanfilippo saved 6 posts
[SCRAPE] r/multiplesystematrophy
  · 50 posts so far; sleeping 2 s
  · 100 posts so far; sleeping 2 s
  · 150 posts so far; sleeping 2 s
  · 200 posts so far; sleeping 2 s
  ✓ r/multiplesystematrophy saved 232 posts
[SCRAPE] r/MSAtrophy
  ✓ r/MSAtrophy saved 7 posts
[SCRAPE] r/MIS_C
  · 50 posts so far; sleeping 2 s
  · 100 posts so far; sleeping 2 s
  ✓ r/MIS_C saved 143 posts
[SCRAPE] r/myiasis
[WARN] r/myiasis: received 404 HTTP response
[SCRAPE] r/NagerSyndrome
  ✓ r/NagerSyndrome saved 4 posts
[SCRAPE] r/RenalCats
  · 50 posts so far; sleeping 2 s
  · 100 posts so far; sleeping 2 s
  · 150 posts so far; sleeping 2 s
  · 200 posts so far; sleeping 2 s
  · 250 posts so far; sleeping 2 s
  · 300 posts so far; sleeping 2 s
  · 350 posts so far; sleeping 2 s
  · 400 posts so far; sleeping 2 s
  · 450 posts so far; sleeping 2 s
  · 500 posts so far; sleeping 2 s
  · 550 posts so far; sleeping 2 s
  · 600 posts so far; sleeping 2 s
  · 650 posts so far; sleeping 2 s
  · 700 posts so far; sleeping 2 s
  · 750 posts so far; sleeping 2 s
  · 800 posts so far; sleeping 2 s
  · 850 posts so far; sleeping 2 s
  · 900 posts so far; sleeping 2 s
  · 950 posts so far; sleeping 2 s
  ✓ r/RenalCats saved 997 posts
[SCRAPE] r/nanophthalmos
  ✓ r/nanophthalmos saved 2 posts
[SCRAPE] r/NecrobiosisLipoidica
[SCRAPE] r/HIE
  ✓ r/HIE saved 20 posts
[SCRAPE] r/neuroblastoma
  ✓ r/neuroblastoma saved 45 posts
[SCRAPE] r/NMOSD
  ✓ r/NMOSD saved 11 posts
[SCRAPE] r/nipah_virus_2023
  ✓ r/nipah_virus_2023 saved 3 posts
[SCRAPE] r/nipah
  · 50 posts so far; sleeping 2 s
  ✓ r/nipah saved 50 posts
[SCRAPE] r/noma
[SCRAPE] r/Non_24
  ✓ r/Non_24 saved 16 posts
[SCRAPE] r/N24
  · 50 posts so far; sleeping 2 s
  · 100 posts so far; sleeping 2 s
  · 150 posts so far; sleeping 2 s
  · 200 posts so far; sleeping 2 s
  · 250 posts so far; sleeping 2 s
  · 300 posts so far; sleeping 2 s
  · 350 posts so far; sleeping 2 s
  · 400 posts so far; sleeping 2 s
  · 450 posts so far; sleeping 2 s
  · 500 posts so far; sleeping 2 s
  · 550 posts so far; sleeping 2 s
  · 600 posts so far; sleeping 2 s
  · 650 posts so far; sleeping 2 s
  · 700 posts so far; sleeping 2 s
  · 750 posts so far; sleeping 2 s
  · 800 posts so far; sleeping 2 s
  · 850 posts so far; sleeping 2 s
  · 900 posts so far; sleeping 2 s
  · 950 posts so far; sleeping 2 s
  ✓ r/N24 saved 997 posts
[SCRAPE] r/GrowthHormoneForKids
  ✓ r/GrowthHormoneForKids saved 13 posts
[SCRAPE] r/CranioFolk
  ✓ r/CranioFolk saved 37 posts
[SCRAPE] r/NoonanSyndrome
  ✓ r/NoonanSyndrome saved 16 posts
[SCRAPE] r/NoonanSyndromeAU
  ✓ r/NoonanSyndromeAU saved 13 posts
[SCRAPE] r/Albinism
  · 50 posts so far; sleeping 2 s
  · 100 posts so far; sleeping 2 s
  · 150 posts so far; sleeping 2 s
  · 200 posts so far; sleeping 2 s
  · 250 posts so far; sleeping 2 s
  · 300 posts so far; sleeping 2 s
  · 350 posts so far; sleeping 2 s
  · 400 posts so far; sleeping 2 s
  ✓ r/Albinism saved 438 posts
[SCRAPE] r/oligodendroglioma
[WARN] r/oligodendroglioma: received 404 HTTP response
[SCRAPE] r/omphalocele
  ✓ r/omphalocele saved 1 posts
[SCRAPE] r/osteoblastoma
  ✓ r/osteoblastoma saved 1 posts
[SCRAPE] r/BrittleBones
  · 50 posts so far; sleeping 2 s
  · 100 posts so far; sleeping 2 s
  · 150 posts so far; sleeping 2 s
  · 200 posts so far; sleeping 2 s
  ✓ r/BrittleBones saved 206 posts
[SCRAPE] r/osteogenesisimperfect
  ✓ r/osteogenesisimperfect saved 15 posts
[SCRAPE] r/Panuveitis
[WARN] r/Panuveitis: received 403 HTTP response
[SCRAPE] r/paroxysmaldyskinesia
  ✓ r/paroxysmaldyskinesia saved 19 posts
[SCRAPE] r/EpilepsyDogs
  · 50 posts so far; sleeping 2 s
  · 100 posts so far; sleeping 2 s
  · 150 posts so far; sleeping 2 s
  · 200 posts so far; sleeping 2 s
  · 250 posts so far; sleeping 2 s
  · 300 posts so far; sleeping 2 s
  · 350 posts so far; sleeping 2 s
  · 400 posts so far; sleeping 2 s
  · 450 posts so far; sleeping 2 s
  · 500 posts so far; sleeping 2 s
  · 550 posts so far; sleeping 2 s
  · 600 posts so far; sleeping 2 s
  · 650 posts so far; sleeping 2 s
  · 700 posts so far; sleeping 2 s
  · 750 posts so far; sleeping 2 s
  · 800 posts so far; sleeping 2 s
  · 850 posts so far; sleeping 2 s
  · 900 posts so far; sleeping 2 s
  · 950 posts so far; sleeping 2 s
  ✓ r/EpilepsyDogs saved 994 posts
[SCRAPE] r/ParoxysmalHemicrania
  ✓ r/ParoxysmalHemicrania saved 9 posts
[SCRAPE] r/pemphigus
  · 50 posts so far; sleeping 2 s
  ✓ r/pemphigus saved 77 posts
[SCRAPE] r/PPCM_Heart_Failure
  ✓ r/PPCM_Heart_Failure saved 15 posts
[SCRAPE] r/PeutzJeghersSyndrome
  ✓ r/PeutzJeghersSyndrome saved 3 posts
[SCRAPE] r/phenylketonuria
  · 50 posts so far; sleeping 2 s
  · 100 posts so far; sleeping 2 s
  ✓ r/phenylketonuria saved 112 posts
[SCRAPE] r/Paraganglioma
  ✓ r/Paraganglioma saved 2 posts
[SCRAPE] r/PolyArteritisNodosa
  ✓ r/PolyArteritisNodosa saved 13 posts
[SCRAPE] r/polycythemiavera
  · 50 posts so far; sleeping 2 s
  · 100 posts so far; sleeping 2 s
  · 150 posts so far; sleeping 2 s
  · 200 posts so far; sleeping 2 s
  · 250 posts so far; sleeping 2 s
  · 300 posts so far; sleeping 2 s
  · 350 posts so far; sleeping 2 s
  · 400 posts so far; sleeping 2 s
  · 450 posts so far; sleeping 2 s
  · 500 posts so far; sleeping 2 s
  · 550 posts so far; sleeping 2 s
  · 600 posts so far; sleeping 2 s
  · 650 posts so far; sleeping 2 s
  · 700 posts so far; sleeping 2 s
  · 750 posts so far; sleeping 2 s
  ✓ r/polycythemiavera saved 753 posts
[SCRAPE] r/Polymyositis
  ✓ r/Polymyositis saved 9 posts
[SCRAPE] r/POIS
  · 50 posts so far; sleeping 2 s
  · 100 posts so far; sleeping 2 s
  · 150 posts so far; sleeping 2 s
  · 200 posts so far; sleeping 2 s
  · 250 posts so far; sleeping 2 s
  · 300 posts so far; sleeping 2 s
  · 350 posts so far; sleeping 2 s
  · 400 posts so far; sleeping 2 s
  · 450 posts so far; sleeping 2 s
  · 500 posts so far; sleeping 2 s
  · 550 posts so far; sleeping 2 s
  · 600 posts so far; sleeping 2 s
  · 650 posts so far; sleeping 2 s
  · 700 posts so far; sleeping 2 s
  · 750 posts so far; sleeping 2 s
  · 800 posts so far; sleeping 2 s
  · 850 posts so far; sleeping 2 s
  · 900 posts so far; sleeping 2 s
  · 950 posts so far; sleeping 2 s
  ✓ r/POIS saved 989 posts
[SCRAPE] r/postpartumpsychosis
  ✓ r/postpartumpsychosis saved 1 posts
[SCRAPE] r/TeensWwPOTS
  ✓ r/TeensWwPOTS saved 6 posts
[SCRAPE] r/PBCers
  · 50 posts so far; sleeping 2 s
  ✓ r/PBCers saved 55 posts
[SCRAPE] r/SynovialChondro
  · 50 posts so far; sleeping 2 s
  · 100 posts so far; sleeping 2 s
  · 150 posts so far; sleeping 2 s
  · 200 posts so far; sleeping 2 s
  ✓ r/SynovialChondro saved 225 posts
[SCRAPE] r/PrimaryCiliaryD
  ✓ r/PrimaryCiliaryD saved 15 posts
[SCRAPE] r/CutisVerticisGyrata
  ✓ r/CutisVerticisGyrata saved 3 posts
[SCRAPE] r/CVGcare
  ✓ r/CVGcare saved 4 posts
[SCRAPE] r/aquagenicpruritus
  · 50 posts so far; sleeping 2 s
  ✓ r/aquagenicpruritus saved 58 posts
[SCRAPE] r/Lymphedema
  · 50 posts so far; sleeping 2 s
  · 100 posts so far; sleeping 2 s
  · 150 posts so far; sleeping 2 s
  · 200 posts so far; sleeping 2 s
  · 250 posts so far; sleeping 2 s
  · 300 posts so far; sleeping 2 s
  · 350 posts so far; sleeping 2 s
  · 400 posts so far; sleeping 2 s
  · 450 posts so far; sleeping 2 s
  · 500 posts so far; sleeping 2 s
  · 550 posts so far; sleeping 2 s
  · 600 posts so far; sleeping 2 s
  · 650 posts so far; sleeping 2 s
  · 700 posts so far; sleeping 2 s
  · 750 posts so far; sleeping 2 s
  · 800 posts so far; sleeping 2 s
  · 850 posts so far; sleeping 2 s
  · 900 posts so far; sleeping 2 s
  · 950 posts so far; sleeping 2 s
  ✓ r/Lymphedema saved 973 posts
[SCRAPE] r/OrthostaticTremor
  ✓ r/OrthostaticTremor saved 1 posts
[SCRAPE] r/PSC
  · 50 posts so far; sleeping 2 s
  · 100 posts so far; sleeping 2 s
  · 150 posts so far; sleeping 2 s
  · 200 posts so far; sleeping 2 s
  · 250 posts so far; sleeping 2 s
  · 300 posts so far; sleeping 2 s
  · 350 posts so far; sleeping 2 s
  · 400 posts so far; sleeping 2 s
  · 450 posts so far; sleeping 2 s
  · 500 posts so far; sleeping 2 s
  · 550 posts so far; sleeping 2 s
  · 600 posts so far; sleeping 2 s
  · 650 posts so far; sleeping 2 s
  · 700 posts so far; sleeping 2 s
  ✓ r/PSC saved 742 posts
[SCRAPE] r/tetheredcord
  · 50 posts so far; sleeping 2 s
  · 100 posts so far; sleeping 2 s
  · 150 posts so far; sleeping 2 s
  · 200 posts so far; sleeping 2 s
  ✓ r/tetheredcord saved 213 posts
[SCRAPE] r/Keratoconustreatment
  ✓ r/Keratoconustreatment saved 6 posts
[SCRAPE] r/pseudomyxomaperitonei
[SCRAPE] r/Parasomnias
  ✓ r/Parasomnias saved 16 posts
[SCRAPE] r/PulmonaryHypertension
  · 50 posts so far; sleeping 2 s
  · 100 posts so far; sleeping 2 s
  · 150 posts so far; sleeping 2 s
  · 200 posts so far; sleeping 2 s
  · 250 posts so far; sleeping 2 s
  · 300 posts so far; sleeping 2 s
  · 350 posts so far; sleeping 2 s
  · 400 posts so far; sleeping 2 s
  · 450 posts so far; sleeping 2 s
  · 500 posts so far; sleeping 2 s
  · 550 posts so far; sleeping 2 s
  ✓ r/PulmonaryHypertension saved 572 posts
[SCRAPE] r/pureautonomicfailure
[SCRAPE] r/RASopathy
[WARN] r/RASopathy: received 403 HTTP response
[SCRAPE] r/rabies
  · 50 posts so far; sleeping 2 s
  · 100 posts so far; sleeping 2 s
  · 150 posts so far; sleeping 2 s
  · 200 posts so far; sleeping 2 s
  · 250 posts so far; sleeping 2 s
  · 300 posts so far; sleeping 2 s
  · 350 posts so far; sleeping 2 s
  · 400 posts so far; sleeping 2 s
  · 450 posts so far; sleeping 2 s
  · 500 posts so far; sleeping 2 s
  ✓ r/rabies saved 515 posts
[SCRAPE] r/RareDiseaseDiagnostic
  ✓ r/RareDiseaseDiagnostic saved 14 posts
[SCRAPE] r/DomperidonEffects
  ✓ r/DomperidonEffects saved 6 posts
[SCRAPE] r/EGPAsupport
  · 50 posts so far; sleeping 2 s
  ✓ r/EGPAsupport saved 73 posts
[SCRAPE] r/ManySidesOfJanePublic
  ✓ r/ManySidesOfJanePublic saved 14 posts
[SCRAPE] r/CARPskincondition
  ✓ r/CARPskincondition saved 40 posts
[SCRAPE] r/XLH
  ✓ r/XLH saved 13 posts
[SCRAPE] r/SchofieldCabanaAbuse
  · 50 posts so far; sleeping 2 s
  · 100 posts so far; sleeping 2 s
  · 150 posts so far; sleeping 2 s
  · 200 posts so far; sleeping 2 s
  ✓ r/SchofieldCabanaAbuse saved 214 posts
[SCRAPE] r/GeneticSyndromes
  ✓ r/GeneticSyndromes saved 1 posts
[SCRAPE] r/Modydiabetes
  ✓ r/Modydiabetes saved 32 posts
[SCRAPE] r/ButterFlyWingsEB
  ✓ r/ButterFlyWingsEB saved 3 posts
[SCRAPE] r/UCDfamilies
  · 50 posts so far; sleeping 2 s
  · 100 posts so far; sleeping 2 s
  ✓ r/UCDfamilies saved 139 posts
[SCRAPE] r/ConnSyndrome
  ✓ r/ConnSyndrome saved 1 posts
[SCRAPE] r/ocularmelanoma
  ✓ r/ocularmelanoma saved 7 posts
[SCRAPE] r/CRPScontender
  ✓ r/CRPScontender saved 31 posts
[SCRAPE] r/RelapsingPolychondrit
  ✓ r/RelapsingPolychondrit saved 48 posts
[SCRAPE] r/Erythromelalgia
  · 50 posts so far; sleeping 2 s
  · 100 posts so far; sleeping 2 s
  · 150 posts so far; sleeping 2 s
  · 200 posts so far; sleeping 2 s
  · 250 posts so far; sleeping 2 s
  · 300 posts so far; sleeping 2 s
  · 350 posts so far; sleeping 2 s
  · 400 posts so far; sleeping 2 s
  · 450 posts so far; sleeping 2 s
  · 500 posts so far; sleeping 2 s
  · 550 posts so far; sleeping 2 s
  · 600 posts so far; sleeping 2 s
  · 650 posts so far; sleeping 2 s
  · 700 posts so far; sleeping 2 s
  · 750 posts so far; sleeping 2 s
  · 800 posts so far; sleeping 2 s
  · 850 posts so far; sleeping 2 s
  · 900 posts so far; sleeping 2 s
  · 950 posts so far; sleeping 2 s
  ✓ r/Erythromelalgia saved 987 posts
[SCRAPE] r/RetinitisPigmentosa
  · 50 posts so far; sleeping 2 s
  · 100 posts so far; sleeping 2 s
  · 150 posts so far; sleeping 2 s
  · 200 posts so far; sleeping 2 s
  · 250 posts so far; sleeping 2 s
  · 300 posts so far; sleeping 2 s
  · 350 posts so far; sleeping 2 s
  · 400 posts so far; sleeping 2 s
  · 450 posts so far; sleeping 2 s
  · 500 posts so far; sleeping 2 s
  · 550 posts so far; sleeping 2 s
  · 600 posts so far; sleeping 2 s
  · 650 posts so far; sleeping 2 s
  · 700 posts so far; sleeping 2 s
  · 750 posts so far; sleeping 2 s
  · 800 posts so far; sleeping 2 s
  · 850 posts so far; sleeping 2 s
  · 900 posts so far; sleeping 2 s
  · 950 posts so far; sleeping 2 s
  ✓ r/RetinitisPigmentosa saved 994 posts
[SCRAPE] r/Retinoblastoma
[WARN] r/Retinoblastoma: received 404 HTTP response
[SCRAPE] r/RCVS
  ✓ r/RCVS saved 33 posts
[SCRAPE] r/rhabdomyosarcoma
  ✓ r/rhabdomyosarcoma saved 3 posts
[SCRAPE] r/valleyfever
  · 50 posts so far; sleeping 2 s
  ✓ r/valleyfever saved 51 posts
[SCRAPE] r/SAPHOsyndrome
  ✓ r/SAPHOsyndrome saved 1 posts
[SCRAPE] r/Schizencephaly
[SCRAPE] r/scds
  · 50 posts so far; sleeping 2 s
  · 100 posts so far; sleeping 2 s
  · 150 posts so far; sleeping 2 s
  · 200 posts so far; sleeping 2 s
  · 250 posts so far; sleeping 2 s
  · 300 posts so far; sleeping 2 s
  ✓ r/scds saved 308 posts
[SCRAPE] r/MonoHearing
  · 50 posts so far; sleeping 2 s
  · 100 posts so far; sleeping 2 s
  · 150 posts so far; sleeping 2 s
  · 200 posts so far; sleeping 2 s
  · 250 posts so far; sleeping 2 s
  · 300 posts so far; sleeping 2 s
  · 350 posts so far; sleeping 2 s
  · 400 posts so far; sleeping 2 s
  · 450 posts so far; sleeping 2 s
  · 500 posts so far; sleeping 2 s
  · 550 posts so far; sleeping 2 s
  · 600 posts so far; sleeping 2 s
  · 650 posts so far; sleeping 2 s
  · 700 posts so far; sleeping 2 s
  · 750 posts so far; sleeping 2 s
  · 800 posts so far; sleeping 2 s
  · 850 posts so far; sleeping 2 s
  · 900 posts so far; sleeping 2 s
  · 950 posts so far; sleeping 2 s
  · 1000 posts so far; sleeping 2 s
  ✓ r/MonoHearing saved 1000 posts
[SCRAPE] r/Trans_Zebras
  · 50 posts so far; sleeping 2 s
  · 100 posts so far; sleeping 2 s
  · 150 posts so far; sleeping 2 s
  · 200 posts so far; sleeping 2 s
  · 250 posts so far; sleeping 2 s
  ✓ r/Trans_Zebras saved 299 posts
[SCRAPE] r/TMAU
  · 50 posts so far; sleeping 2 s
  · 100 posts so far; sleeping 2 s
  · 150 posts so far; sleeping 2 s
  · 200 posts so far; sleeping 2 s
  · 250 posts so far; sleeping 2 s
  · 300 posts so far; sleeping 2 s
  · 350 posts so far; sleeping 2 s
  · 400 posts so far; sleeping 2 s
  · 450 posts so far; sleeping 2 s
  · 500 posts so far; sleeping 2 s
  · 550 posts so far; sleeping 2 s
  · 600 posts so far; sleeping 2 s
  · 650 posts so far; sleeping 2 s
  · 700 posts so far; sleeping 2 s
  · 750 posts so far; sleeping 2 s
  · 800 posts so far; sleeping 2 s
  · 850 posts so far; sleeping 2 s
  · 900 posts so far; sleeping 2 s
  · 950 posts so far; sleeping 2 s
  ✓ r/TMAU saved 992 posts
[SCRAPE] r/silentsinussyndrome
  ✓ r/silentsinussyndrome saved 12 posts
[SCRAPE] r/SitusInversus
  ✓ r/SitusInversus saved 4 posts
[SCRAPE] r/Smith_Magenis_SMS
  ✓ r/Smith_Magenis_SMS saved 1 posts
[SCRAPE] r/SolarUrticaria
  ✓ r/SolarUrticaria saved 41 posts
[SCRAPE] r/SotosSyndrome
  ✓ r/SotosSyndrome saved 6 posts
[SCRAPE] r/CaudaEquinaSyndrome
  · 50 posts so far; sleeping 2 s
  · 100 posts so far; sleeping 2 s
  · 150 posts so far; sleeping 2 s
  · 200 posts so far; sleeping 2 s
  · 250 posts so far; sleeping 2 s
  · 300 posts so far; sleeping 2 s
  · 350 posts so far; sleeping 2 s
  · 400 posts so far; sleeping 2 s
  · 450 posts so far; sleeping 2 s
  ✓ r/CaudaEquinaSyndrome saved 461 posts
[SCRAPE] r/brainstemcavernoma
  ✓ r/brainstemcavernoma saved 15 posts
[SCRAPE] r/hipdysplasia2
  ✓ r/hipdysplasia2 saved 1 posts
[SCRAPE] r/sprengelsdeformity
  ✓ r/sprengelsdeformity saved 7 posts
[SCRAPE] r/stargardts
  ✓ r/stargardts saved 43 posts
[SCRAPE] r/steatocystomamultiple
  ✓ r/steatocystomamultiple saved 31 posts
[SCRAPE] r/Shriners
  · 50 posts so far; sleeping 2 s
  · 100 posts so far; sleeping 2 s
  ✓ r/Shriners saved 133 posts
[SCRAPE] r/WethePeoplehaveSMAS
  ✓ r/WethePeoplehaveSMAS saved 29 posts
[SCRAPE] r/CROCUS
  ✓ r/CROCUS saved 2 posts
[SCRAPE] r/syringomyelia
[WARN] r/syringomyelia: received 404 HTTP response
[SCRAPE] r/Takayasuarteritis
  ✓ r/Takayasuarteritis saved 18 posts
[SCRAPE] r/Tetralogy_of_Fallot
  · 50 posts so far; sleeping 2 s
  · 100 posts so far; sleeping 2 s
  · 150 posts so far; sleeping 2 s
  · 200 posts so far; sleeping 2 s
  · 250 posts so far; sleeping 2 s
  · 300 posts so far; sleeping 2 s
  ✓ r/Tetralogy_of_Fallot saved 323 posts
[SCRAPE] r/VonWillebrand
  ✓ r/VonWillebrand saved 25 posts
[SCRAPE] r/TreacherCollins
  ✓ r/TreacherCollins saved 6 posts
[SCRAPE] r/TrisomyX
  ✓ r/TrisomyX saved 22 posts
[SCRAPE] r/Tritanopia
[WARN] r/Tritanopia: received 403 HTTP response
[SCRAPE] r/TuberousSclerosisComp
  · 50 posts so far; sleeping 2 s
  ✓ r/TuberousSclerosisComp saved 52 posts
[SCRAPE] r/TurnerSyndrome
  · 50 posts so far; sleeping 2 s
  · 100 posts so far; sleeping 2 s
  · 150 posts so far; sleeping 2 s
  ✓ r/TurnerSyndrome saved 191 posts
[SCRAPE] r/ParsonageTurnerSyndro
  ✓ r/ParsonageTurnerSyndro saved 17 posts
[SCRAPE] r/ushersyndrome
  · 50 posts so far; sleeping 2 s
  ✓ r/ushersyndrome saved 51 posts
[SCRAPE] r/BSE
[WARN] r/BSE: received 403 HTTP response
[SCRAPE] r/VestibularSchwannoma
[SCRAPE] r/vibratoryUrticaria
  ✓ r/vibratoryUrticaria saved 9 posts
[SCRAPE] r/VisualSnowSyndrome
  · 50 posts so far; sleeping 2 s
  · 100 posts so far; sleeping 2 s
  ✓ r/VisualSnowSyndrome saved 119 posts
[SCRAPE] r/VisualSnowRecovery
  · 50 posts so far; sleeping 2 s
  ✓ r/VisualSnowRecovery saved 68 posts
[SCRAPE] r/vkh
  ✓ r/vkh saved 2 posts
[SCRAPE] r/vonHippelLindau
  ✓ r/vonHippelLindau saved 7 posts
[SCRAPE] r/wagrsyndrome
  ✓ r/wagrsyndrome saved 6 posts
[SCRAPE] r/wpwsyndrome
  ✓ r/wpwsyndrome saved 2 posts
[SCRAPE] r/williamssyndrome
  · 50 posts so far; sleeping 2 s
  · 100 posts so far; sleeping 2 s
  · 150 posts so far; sleeping 2 s
  ✓ r/williamssyndrome saved 151 posts
[SCRAPE] r/WilsonsDisease
  ✓ r/WilsonsDisease saved 7 posts
[SCRAPE] r/WolframSyndrome
  ✓ r/WolframSyndrome saved 1 posts
[SCRAPE] r/xerodermapigmentosum
  ✓ r/xerodermapigmentosum saved 9 posts
[SCRAPE] r/Journeyoflife
[SCRAPE] r/Thiamine_B1
  ✓ r/Thiamine_B1 saved 30 posts
[INFO] Sleeping 60 s before next round …

=== ROUND 2/3 : 43 subs ===
[SCRAPE] r/Smasyndrome
[SCRAPE] r/acquiredlipodystrophy
[SCRAPE] r/adem
[SCRAPE] r/Pheochromocytoma
[SCRAPE] r/AlagilleSyndrome
[WARN] r/AlagilleSyndrome: received 403 HTTP response
[SCRAPE] r/LGMD
[WARN] r/LGMD: received 403 HTTP response
[SCRAPE] r/ameloblastoma
[WARN] r/ameloblastoma: received 403 HTTP response
[SCRAPE] r/PGAD
[WARN] r/PGAD: received 403 HTTP response
[SCRAPE] r/thoracicoutlet
[WARN] r/thoracicoutlet: received 403 HTTP response
[SCRAPE] r/biliaryatresia
[SCRAPE] r/C3G
[WARN] r/C3G: received 403 HTTP response
[SCRAPE] r/choroideremia
[SCRAPE] r/CongenitalPtosis
[WARN] r/CongenitalPtosis: received 403 HTTP response
[SCRAPE] r/conjoinedtwins
[SCRAPE] r/craniosynostosis
[WARN] r/craniosynostosis: received 403 HTTP response
[SCRAPE] r/diphallia
[WARN] r/diphallia: received 404 HTTP response
[SCRAPE] r/Diphtheria
[SCRAPE] r/EosinophilicFasciitis
[SCRAPE] r/Gastroschisis
[WARN] r/Gastroschisis: received 404 HTTP response
[SCRAPE] r/OrthostaticTremors
[WARN] r/OrthostaticTremors: received 403 HTTP response
[SCRAPE] r/hyperekplexia
[SCRAPE] r/IncontinentiaPigmenti
[SCRAPE] r/KikuchiDisease
[SCRAPE] r/KleefstraSyndrome
[SCRAPE] r/kuru
[WARN] r/kuru: received 403 HTTP response
[SCRAPE] r/Laryngocele
[SCRAPE] r/CH_Kitties
[WARN] r/CH_Kitties: received 403 HTTP response
[SCRAPE] r/maythurnersyndrome
[SCRAPE] r/myiasis
[WARN] r/myiasis: received 404 HTTP response
[SCRAPE] r/NecrobiosisLipoidica
[SCRAPE] r/noma
[SCRAPE] r/oligodendroglioma
[WARN] r/oligodendroglioma: received 404 HTTP response
[SCRAPE] r/Panuveitis
[WARN] r/Panuveitis: received 403 HTTP response
[SCRAPE] r/pseudomyxomaperitonei
[SCRAPE] r/pureautonomicfailure
[SCRAPE] r/RASopathy
[WARN] r/RASopathy: received 403 HTTP response
[SCRAPE] r/Retinoblastoma
[WARN] r/Retinoblastoma: received 404 HTTP response
[SCRAPE] r/Schizencephaly
[SCRAPE] r/syringomyelia
[WARN] r/syringomyelia: received 404 HTTP response
[SCRAPE] r/Tritanopia
[WARN] r/Tritanopia: received 403 HTTP response
[SCRAPE] r/BSE
[WARN] r/BSE: received 403 HTTP response
[SCRAPE] r/VestibularSchwannoma
[SCRAPE] r/Journeyoflife
[INFO] Sleeping 60 s before next round …

=== ROUND 3/3 : 43 subs ===
[SCRAPE] r/Smasyndrome
[SCRAPE] r/acquiredlipodystrophy
[SCRAPE] r/adem
[SCRAPE] r/Pheochromocytoma
[SCRAPE] r/AlagilleSyndrome
[WARN] r/AlagilleSyndrome: received 403 HTTP response
[SCRAPE] r/LGMD
[WARN] r/LGMD: received 403 HTTP response
[SCRAPE] r/ameloblastoma
[WARN] r/ameloblastoma: received 403 HTTP response
[SCRAPE] r/PGAD
[WARN] r/PGAD: received 403 HTTP response
[SCRAPE] r/thoracicoutlet
[WARN] r/thoracicoutlet: received 403 HTTP response
[SCRAPE] r/biliaryatresia
[SCRAPE] r/C3G
[WARN] r/C3G: received 403 HTTP response
[SCRAPE] r/choroideremia
[SCRAPE] r/CongenitalPtosis
[WARN] r/CongenitalPtosis: received 403 HTTP response
[SCRAPE] r/conjoinedtwins
[SCRAPE] r/craniosynostosis
[WARN] r/craniosynostosis: received 403 HTTP response
[SCRAPE] r/diphallia
[WARN] r/diphallia: received 404 HTTP response
[SCRAPE] r/Diphtheria
[SCRAPE] r/EosinophilicFasciitis
[SCRAPE] r/Gastroschisis
[WARN] r/Gastroschisis: received 404 HTTP response
[SCRAPE] r/OrthostaticTremors
[WARN] r/OrthostaticTremors: received 403 HTTP response
[SCRAPE] r/hyperekplexia
[SCRAPE] r/IncontinentiaPigmenti
[SCRAPE] r/KikuchiDisease
[SCRAPE] r/KleefstraSyndrome
[SCRAPE] r/kuru
[WARN] r/kuru: received 403 HTTP response
[SCRAPE] r/Laryngocele
[SCRAPE] r/CH_Kitties
[WARN] r/CH_Kitties: received 403 HTTP response
[SCRAPE] r/maythurnersyndrome
[SCRAPE] r/myiasis
[WARN] r/myiasis: received 404 HTTP response
[SCRAPE] r/NecrobiosisLipoidica
[SCRAPE] r/noma
[SCRAPE] r/oligodendroglioma
[WARN] r/oligodendroglioma: received 404 HTTP response
[SCRAPE] r/Panuveitis
[WARN] r/Panuveitis: received 403 HTTP response
[SCRAPE] r/pseudomyxomaperitonei
[SCRAPE] r/pureautonomicfailure
[SCRAPE] r/RASopathy
[WARN] r/RASopathy: received 403 HTTP response
[SCRAPE] r/Retinoblastoma
[WARN] r/Retinoblastoma: received 404 HTTP response
[SCRAPE] r/Schizencephaly
[SCRAPE] r/syringomyelia
[WARN] r/syringomyelia: received 404 HTTP response
[SCRAPE] r/Tritanopia
[WARN] r/Tritanopia: received 403 HTTP response
[SCRAPE] r/BSE
[WARN] r/BSE: received 403 HTTP response
[SCRAPE] r/VestibularSchwannoma
[SCRAPE] r/Journeyoflife
[INFO] Sleeping 60 s before next round …
[DONE] finished with 43 subs still failing -> data\raw\failed_subs.txt
