[INFO] 506 subreddits in list.


=== ROUND 1/3 : 506 subs ===
[SCRAPE] r/Smasyndrome
[SCRAPE] r/NBBrainDisease
[WARN] r/NBBrainDisease: utcfromtimestamp() takes no keyword arguments
[SCRAPE] r/PRIONnews
[WARN] r/PRIONnews: utcfromtimestamp() takes no keyword arguments
[SCRAPE] r/Angioedema
[WARN] r/Angioedema: utcfromtimestamp() takes no keyword arguments
[SCRAPE] r/HAE
[WARN] r/HAE: utcfromtimestamp() takes no keyword arguments
[SCRAPE] r/secondaryAI
[WARN] r/secondaryAI: utcfromtimestamp() takes no keyword arguments
[SCRAPE] r/HCTDs
[WARN] r/HCTDs: utcfromtimestamp() takes no keyword arguments
[SCRAPE] r/AcquiredSavant
[WARN] r/AcquiredSavant: utcfromtimestamp() takes no keyword arguments
[SCRAPE] r/acquiredlipodystrophy
[SCRAPE] r/queerlichensclerosus
[WARN] r/queerlichensclerosus: utcfromtimestamp() takes no keyword arguments
[SCRAPE] r/guillainbarre
[WARN] r/guillainbarre: utcfromtimestamp() takes no keyword arguments
[SCRAPE] r/PureSensoryCIDP
[WARN] r/PureSensoryCIDP: utcfromtimestamp() takes no keyword arguments
[SCRAPE] r/AZOOR
[WARN] r/AZOOR: utcfromtimestamp() takes no keyword arguments
[SCRAPE] r/adem
[SCRAPE] r/PANS_PANDAS
[WARN] r/PANS_PANDAS: utcfromtimestamp() takes no keyword arguments
[SCRAPE] r/PMOPAWS
[WARN] r/PMOPAWS: utcfromtimestamp() takes no keyword arguments
[SCRAPE] r/transverse_myelitis
[WARN] r/transverse_myelitis: utcfromtimestamp() takes no keyword arguments
[SCRAPE] r/Transversemyelitis
[WARN] r/Transversemyelitis: utcfromtimestamp() takes no keyword arguments
[SCRAPE] r/HHT
[WARN] r/HHT: utcfromtimestamp() takes no keyword arguments
[SCRAPE] r/Pheochromocytoma
[SCRAPE] r/micropenissupport
[WARN] r/micropenissupport: utcfromtimestamp() takes no keyword arguments
[SCRAPE] r/ultrararedisease
[WARN] r/ultrararedisease: utcfromtimestamp() takes no keyword arguments
[SCRAPE] r/primaryimmune
[WARN] r/primaryimmune: utcfromtimestamp() takes no keyword arguments
[SCRAPE] r/NFNFIHD
[WARN] r/NFNFIHD: utcfromtimestamp() takes no keyword arguments
[SCRAPE] r/LGLL
[WARN] r/LGLL: utcfromtimestamp() takes no keyword arguments
[SCRAPE] r/BPMC
[WARN] r/BPMC: utcfromtimestamp() takes no keyword arguments
[SCRAPE] r/PSSD
[WARN] r/PSSD: utcfromtimestamp() takes no keyword arguments
[SCRAPE] r/AlagilleSyndrome
[WARN] r/AlagilleSyndrome: received 403 HTTP response
[SCRAPE] r/LGMD
[WARN] r/LGMD: received 403 HTTP response
[SCRAPE] r/MuscularDystrophy
[WARN] r/MuscularDystrophy: utcfromtimestamp() takes no keyword arguments
[SCRAPE] r/kallmann_syndrome
[WARN] r/kallmann_syndrome: utcfromtimestamp() takes no keyword arguments
[SCRAPE] r/ameloblastoma
[WARN] r/ameloblastoma: received 403 HTTP response
[SCRAPE] r/Huntingtons
[WARN] r/Huntingtons: utcfromtimestamp() takes no keyword arguments
[SCRAPE] r/braincancer
[WARN] r/braincancer: utcfromtimestamp() takes no keyword arguments
[SCRAPE] r/PeriodicParalysis
[WARN] r/PeriodicParalysis: utcfromtimestamp() takes no keyword arguments
[SCRAPE] r/PGAD
[WARN] r/PGAD: received 403 HTTP response
[SCRAPE] r/BrainCysts
[WARN] r/BrainCysts: utcfromtimestamp() takes no keyword arguments
[SCRAPE] r/arachnoidcyst
[WARN] r/arachnoidcyst: utcfromtimestamp() takes no keyword arguments
[SCRAPE] r/Arachnoiditis
[WARN] r/Arachnoiditis: utcfromtimestamp() takes no keyword arguments
[SCRAPE] r/VHFs
[WARN] r/VHFs: utcfromtimestamp() takes no keyword arguments
[SCRAPE] r/thoracicoutlet
[WARN] r/thoracicoutlet: received 403 HTTP response
[SCRAPE] r/eds
[WARN] r/eds: utcfromtimestamp() takes no keyword arguments
[SCRAPE] r/hEDS
[WARN] r/hEDS: utcfromtimestamp() takes no keyword arguments
[SCRAPE] r/neurofibromatosis
[WARN] r/neurofibromatosis: utcfromtimestamp() takes no keyword arguments
[SCRAPE] r/EctodermalDysplasia
[WARN] r/EctodermalDysplasia: utcfromtimestamp() takes no keyword arguments
[SCRAPE] r/KPRubraFaceii
[WARN] r/KPRubraFaceii: utcfromtimestamp() takes no keyword arguments
[SCRAPE] r/Rettsyndrome
[WARN] r/Rettsyndrome: utcfromtimestamp() takes no keyword arguments
[SCRAPE] r/AVXL
[WARN] r/AVXL: utcfromtimestamp() takes no keyword arguments
[SCRAPE] r/lqts
[WARN] r/lqts: utcfromtimestamp() takes no keyword arguments
[SCRAPE] r/CMLsupport
[WARN] r/CMLsupport: utcfromtimestamp() takes no keyword arguments
[SCRAPE] r/PSPcommunity
[WARN] r/PSPcommunity: utcfromtimestamp() takes no keyword arguments
[SCRAPE] r/Vitiligo
[WARN] r/Vitiligo: utcfromtimestamp() takes no keyword arguments
[SCRAPE] r/UARS
[WARN] r/UARS: utcfromtimestamp() takes no keyword arguments
[SCRAPE] r/G6PD_CNSHA
[WARN] r/G6PD_CNSHA: utcfromtimestamp() takes no keyword arguments
[SCRAPE] r/autoimmunehepatitis
[WARN] r/autoimmunehepatitis: utcfromtimestamp() takes no keyword arguments
[SCRAPE] r/APMPPE
[WARN] r/APMPPE: utcfromtimestamp() takes no keyword arguments
[SCRAPE] r/CorpusCallosum
[WARN] r/CorpusCallosum: utcfromtimestamp() takes no keyword arguments
[SCRAPE] r/EDS_Comorbidities
[WARN] r/EDS_Comorbidities: utcfromtimestamp() takes no keyword arguments
[SCRAPE] r/emptynosesyndrome
[WARN] r/emptynosesyndrome: utcfromtimestamp() takes no keyword arguments
[SCRAPE] r/FSHD
[WARN] r/FSHD: utcfromtimestamp() takes no keyword arguments
[SCRAPE] r/BeckersNevus
[WARN] r/BeckersNevus: utcfromtimestamp() takes no keyword arguments
[SCRAPE] r/bvFTD
[WARN] r/bvFTD: utcfromtimestamp() takes no keyword arguments
[SCRAPE] r/Behcets
[WARN] r/Behcets: utcfromtimestamp() takes no keyword arguments
[SCRAPE] r/biliaryatresia
[SCRAPE] r/KlippelTrenaunay
[WARN] r/KlippelTrenaunay: utcfromtimestamp() takes no keyword arguments
[SCRAPE] r/biid
[WARN] r/biid: utcfromtimestamp() takes no keyword arguments
[SCRAPE] r/StupidBotulism
[WARN] r/StupidBotulism: utcfromtimestamp() takes no keyword arguments
[SCRAPE] r/Brachydactyly_Type_D
[WARN] r/Brachydactyly_Type_D: utcfromtimestamp() takes no keyword arguments
[SCRAPE] r/C3G
[WARN] r/C3G: received 403 HTTP response
[SCRAPE] r/CLN3_Battens_Parents
[WARN] r/CLN3_Battens_Parents: utcfromtimestamp() takes no keyword arguments
[SCRAPE] r/scleroderma
[WARN] r/scleroderma: utcfromtimestamp() takes no keyword arguments
[SCRAPE] r/Calciphylaxis
[WARN] r/Calciphylaxis: utcfromtimestamp() takes no keyword arguments
[SCRAPE] r/CarcinoidSyndrome
[WARN] r/CarcinoidSyndrome: utcfromtimestamp() takes no keyword arguments
[SCRAPE] r/CerebellarHypoplasia
[WARN] r/CerebellarHypoplasia: utcfromtimestamp() takes no keyword arguments
[SCRAPE] r/kidsofcp
[WARN] r/kidsofcp: utcfromtimestamp() takes no keyword arguments
[SCRAPE] r/CVICommunity
[WARN] r/CVICommunity: utcfromtimestamp() takes no keyword arguments
[SCRAPE] r/Autoinflammatory
