[INFO] 506 subreddits to scrape.

[OK ] 22q                       →    672 objs
[OK ] MRKH                      →  1,501 objs
[OK ] Hypophosphatasia          →  1,453 objs
[OK ] Cushings                  →  8,203 objs
[OK ] GrowthHormone             →    304 objs
[OK ] AMYT                      →     10 objs
[OK ] AL_Amyloidosis            →     32 objs
[OK ] FamilialPolyposisFAP      →    482 objs
[OK ] PolyposisSyndromes        →      8 objs
[OK ] PectusArcuatum            →     16 objs
[WARN] Smasyndrome               → no data
[OK ] poliosis                  →    761 objs
[OK ] ilven                     →     66 objs
[OK ] achondroplasia            →      3 objs
[OK ] Achromatopsia             →    159 objs
[OK ] gauchers                  →     10 objs
[OK ] CJD                       →  1,697 objs
[OK ] NBBrainDisease            →    552 objs
[OK ] PRIONnews                 →     99 objs
[OK ] Angioedema                →    675 objs
[OK ] HAE                       →    426 objs
[OK ] secondaryAI               →     28 objs
[OK ] HCTDs                     →     40 objs
[OK ] AcquiredSavant            →      3 objs
[WARN] acquiredlipodystrophy     → no data
[OK ] acromegaly                →  1,808 objs
[OK ] Lichenplanus              →  8,780 objs
[OK ] queerlichensclerosus      →      5 objs
[OK ] guillainbarre             → 12,879 objs
[OK ] PureSensoryCIDP           →     16 objs
[OK ] AZOOR                     →    299 objs
[OK ] leukemia                  → 13,330 objs
[WARN] adem                      → no data
[OK ] CIDP                      →     46 objs
[OK ] whitelungdisease          →      2 objs
[OK ] mds                       →  1,148 objs
[OK ] acuteMaculopathy          →     97 objs
[OK ] CMML                      →     31 objs
[OK ] CMT                       →  9,425 objs
[OK ] PANS_PANDAS               →    153 objs
[OK ] PMOPAWS                   →    671 objs
[OK ] transverse_myelitis       →  1,445 objs
[OK ] Transversemyelitis        →     39 objs
[OK ] NMOdisease                →    675 objs
[OK ] AddisonsDisease           → 16,333 objs
[OK ] HHT                       →  1,020 objs
[WARN] Pheochromocytoma          → no data
[OK ] AMPD1                     →    116 objs
[OK ] AdiposisDolorosa          →     15 objs
[OK ] Primary_Aldosteronism     →     23 objs
[OK ] stillsdisease             →  1,338 objs
[OK ] idiopathichypersomnia     → 11,984 objs
[OK ] micropenissupport         →    161 objs
[OK ] ultrararedisease          →    172 objs
[OK ] primaryimmune             →    943 objs
[OK ] Myasthenia_Gravis         →    878 objs
[OK ] MyastheniaGravisBlog      →     75 objs
[OK ] NeglectedDiseases         →     39 objs
[OK ] TS_Withdrawal             →  8,687 objs
[OK ] NFNFIHD                   →     41 objs
[OK ] LGLL                      →    102 objs
[OK ] BPMC                      →     10 objs
[OK ] PSSD                      → 14,082 objs
[WARN] AlagilleSyndrome          → 403 forbidden
[OK ] Alopecia_Universalis      →    270 objs
[OK ] ehlersdanlos              → 19,887 objs
[WARN] LGMD                      → 403 forbidden
[OK ] MuscularDystrophy         → 10,060 objs
[OK ] kallmann_syndrome         →  3,089 objs
[OK ] AlportSyndrome            →    560 objs
[OK ] Soft_Tissue_Sarcoma       →    484 objs
[OK ] DSRCT                     →      1 objs
[OK ] Porphyria                 →  1,999 objs
[OK ] InfantileHemangioma       →    425 objs
[WARN] ameloblastoma             → 403 forbidden
[OK ] amyloidosis               →    350 objs
[OK ] NeuroSense                →     52 objs
[OK ] ALS                       → 13,304 objs
[OK ] Huntingtons               → 10,670 objs
[OK ] braincancer               → 13,352 objs
[OK ] PeriodicParalysis         →    835 objs
[OK ] MoralMedicine             →     12 objs
[OK ] aortic_aneurysm           →  2,880 objs
[OK ] AngelmanSyndrome          →    245 objs
[OK ] Nailpatellasyndrome       →     30 objs
[OK ] AnorectalMalformation     →     16 objs
[OK ] Microtia                  →  1,406 objs
[OK ] puv                       →     36 objs
[OK ] CCXI                      →  1,495 objs
[OK ] Myositis                  →  2,740 objs
[WARN] PGAD                      → 403 forbidden
[OK ] ConversionDisorder        →    280 objs
[OK ] BrainCysts                →    669 objs
[OK ] arachnoidcyst             →      1 objs
[OK ] Arachnoiditis             →      1 objs
[OK ] VHFs                      →     25 objs
[OK ] DogPawHyperkeratosis      →     10 objs
[WARN] thoracicoutlet            → 403 forbidden
[OK ] thoracicoutletsupport     → 11,711 objs
[OK ] eds                       → 10,904 objs
[OK ] hEDS                      →    480 objs
[OK ] neurofibromatosis         → 12,793 objs
[OK ] EctodermalDysplasia       →    180 objs
[OK ] SARDS                     →    136 objs
[OK ] hypospadias               →  8,148 objs
[OK ] vestibulodynia            →  2,622 objs
[OK ] KPRubraFaceii             →  8,113 objs
[OK ] Rettsyndrome              →    143 objs
[OK ] AVXL                      →     34 objs
[OK ] lqts                      →    918 objs
[OK ] CMLsupport                →      2 objs
[OK ] PSPcommunity              →    162 objs
[OK ] Vitiligo                  → 12,791 objs
[OK ] Encephalitis              →  6,172 objs
[OK ] Narcolepsy                → 14,298 objs
[OK ] UARS                      → 12,766 objs
[OK ] G6PD_CNSHA                →     10 objs
[OK ] autoimmunehepatitis       →  5,976 objs
[OK ] APMPPE                    →     58 objs
[OK ] CorpusCallosum            →     77 objs
[OK ] lhon                      →      1 objs
[WARN] XXY                       → 429 – sleeping 120s
[OK ] XXY                       →  6,283 objs
[OK ] CADASIL                   →    284 objs
[OK ] ADPKD                     → 13,604 objs
[OK ] EDS_Comorbidities         →     30 objs
[OK ] dysautonomia              → 11,155 objs
[OK ] emptynosesyndrome         → 14,561 objs
[OK ] FSHD                      →  2,241 objs
[OK ] BeckersNevus              →    429 objs
[OK ] bvFTD                     →     29 objs
[OK ] Behcets                   → 10,921 objs
[OK ] meningioma                →    417 objs
[OK ] Craniopharyngioma         →    183 objs
[OK ] SFTS                      →      5 objs
[WARN] biliaryatresia            → no data
[OK ] bladderexstrophy          →     11 objs
[OK ] Exstrophy                 →      3 objs
[OK ] Hemophilia                → 10,096 objs
[OK ] KlippelTrenaunay          →    299 objs
[OK ] biid                      →  7,577 objs
[OK ] StupidBotulism            →     20 objs
[OK ] Brachydactyly_Type_D      →    141 objs
[OK ] wetbrain                  →    396 objs
[OK ] collagendisorders         →     21 objs
[OK ] sads                      →    136 objs
[OK ] brugadasyndrome           →     51 objs
[OK ] brugada                   →      1 objs
[OK ] spinalmuscularatrophy     →  4,410 objs
[OK ] Pyodermagangrenosum       →     32 objs
[OK ] ifrx                      →    147 objs
[OK ] burkittlymphoma           →     13 objs
[OK ] burningtongue             →     56 objs
[WARN] C3G                       → 403 forbidden
[OK ] dwarfism                  →  5,527 objs
[OK ] CLN3_Battens_Parents      →      4 objs
[OK ] scleroderma               → 11,618 objs
[OK ] Calciphylaxis             →     48 objs
[OK ] CarcinoidSyndrome         →    306 objs
[OK ] cpvt                      →      5 objs
[OK ] Dunbarsyndrome            →     32 objs
[OK ] MALSyndrome               →    224 objs
[OK ] braintumor                → 10,989 objs
[OK ] CerebellarHypoplasia      →  1,522 objs
[OK ] kidsofcp                  →      6 objs
[OK ] CVICommunity              →     10 objs
[OK ] Autoinflammatory          →    873 objs
[OK ] SCT                       → 12,245 objs
[OK ] bileductcancer            →    602 objs
[OK ] EndDeathGrip              →  2,746 objs
[OK ] praderwilli               →    248 objs
[OK ] sarcoma                   →  8,376 objs
[OK ] chordoma                  →     87 objs
[OK ] choroidalosteoma          →      9 objs
[WARN] choroideremia             → no data
[OK ] Chronic_Granulomatous     →     54 objs
[OK ] CRMO                      →    240 objs
[OK ] StiffPersonSyndrome       →    663 objs
[OK ] coatsdisease              →      2 objs
[OK ] coffinsirissyndrome       →      1 objs
[OK ] ColdAgglutinin            →     21 objs
[OK ] Coldagglutinindisease     →      1 objs
[OK ] OpticDiscDrusen           →     43 objs
[OK ] Dystonia                  → 14,147 objs
[OK ] CVID                      →  1,140 objs
[OK ] HSPlife                   →     54 objs
[OK ] CRPS                      → 26,162 objs
[OK ] CRPSfundraising           →     29 objs
[OK ] ConeRodDystrophy          →     26 objs
[OK ] ConeDystrophy             →     10 objs
[OK ] EbsteinsAnomaly           →    186 objs
[OK ] CDH_Defect                →     15 objs
[OK ] PolandSyndrome            →  1,546 objs
[OK ] SticklerSyndrome          →    424 objs
[OK ] CMSmuscledisorder         →    154 objs
[OK ] NCAH                      →  2,319 objs
[OK ] CSID                      →  1,760 objs
[OK ] MyotoniaCongenita         →  1,063 objs
[OK ] lipodystrophy             →     16 objs
[OK ] AdultCHD                  →  2,720 objs
[OK ] heartmoms                 →     35 objs
[OK ] Hydrocephalus             → 10,584 objs
[OK ] PerniciousAnemia          →    773 objs
[OK ] chiariuk                  →     71 objs
[OK ] SRPT                      →     39 objs
[OK ] MitochondrialDisease      →    456 objs
[OK ] RadioulnarSynostosis      →    917 objs
[WARN] CongenitalPtosis          → 403 forbidden
[OK ] ShortBowelSyndrome        →    119 objs
[OK ] subglotticstenosis        →     53 objs
[OK ] TTP_LowPlatelets          →    651 objs
[WARN] conjoinedtwins            → no data
[OK ] conjoinedisnotconsent     →      5 objs
[OK ] prurigonodularis          →    119 objs
[OK ] cornealdystrophy          →      6 objs
[OK ] CdLS                      →     10 objs
[OK ] PTEN                      →      2 objs
[OK ] cowdensyndrome            →     79 objs
[OK ] CFS_CrampFasciculatio     →     20 objs
[WARN] craniosynostosis          → 403 forbidden
[OK ] Cushingsdogs              →  1,557 objs
[OK ] mastocytosis              →  4,916 objs
[WARN] mastcelldisease           → 429 – sleeping 120s
[OK ] mastcelldisease           → 11,124 objs
[OK ] CysticFibrosisOnly        →    525 objs
[OK ] Cystic_Fibrosis           →    106 objs
[OK ] Fetalcystichygroma        →     45 objs
[OK ] Cystinuria                →     27 objs
[OK ] xxmale                    →     29 objs
[OK ] MdDS                      →     88 objs
[OK ] GCT_OvarianCancer         →     11 objs
[OK ] tgct                      →    122 objs
[OK ] dermatomyositis           →    756 objs
[OK ] desmoid                   →    985 objs
[OK ] dextrocardia              →      5 objs
[OK ] DiamondBlackfanAnemia     →     14 objs
[OK ] LymphaticMalformation     →    136 objs
[WARN] diphallia                 → 404 not-found
[WARN] Diphtheria                → no data
[OK ] discoidlupus              →     27 objs
[OK ] scarringalopecia          →  8,095 objs
[OK ] CHSinfo                   →  9,702 objs
[OK ] DissectingCellulitis      →    137 objs
[OK ] OPMD                      →     19 objs
[OK ] DuaneSyndrome             →    781 objs
[OK ] Hypopituitarism           →  3,445 objs
[OK ] Pituitary                 →    287 objs
[OK ] EpidermolysisBullosa      →    183 objs
[OK ] Epidermolysis             →     37 objs
[OK ] QNRX                      →     21 objs
[OK ] MERS                      →     40 objs
[OK ] mctd                      → 10,451 objs
[OK ] UCTD                      →  3,564 objs
[OK ] EGID                      →    224 objs
[WARN] EosinophilicFasciitis     → no data
[OK ] GranulPolyangiitis        →    145 objs
[OK ] EpendymomaWarriors        →     24 objs
[OK ] UARSnew                   → 13,553 objs
[OK ] Hypotonia                 →    824 objs
[OK ] EvansSyndrome             →     59 objs
[OK ] MalignantHyperthermia     →    108 objs
[OK ] Osteosarcoma              →    579 objs
[OK ] TrigeminalNeuralgia       → 13,634 objs
[OK ] HFEC282Y                  →    119 objs
[OK ] fabrysdisease             →    656 objs
[OK ] fabrydisease              →      3 objs
[OK ] rarediseases              →  7,833 objs
[OK ] aorticdissection          →     86 objs
[OK ] Cold_Urticaria            →     61 objs
[OK ] coldurticaria             →  1,971 objs
[OK ] HLH                       →     48 objs
[OK ] intestinalMalrotation     →     33 objs
[OK ] Malrotation               →      5 objs
[OK ] clinodactyly              →    171 objs
[OK ] LongQTSyndrome            →  1,223 objs
[OK ] FanconiAnemiaGroup        →      6 objs
[OK ] myelofibrosis             →    128 objs
[OK ] FragileX                  →      7 objs
[OK ] TTC_POI                   →    322 objs
[OK ] POFlife                   → 10,511 objs
[OK ] fxPremutationCarriers     →     56 objs
[OK ] FriedreichsAtaxia         →    127 objs
[OK ] frontotemporal            →    139 objs
[OK ] rhythmicmovementdisor     →     10 objs
[OK ] Galactosemia              →    391 objs
[OK ] GIST_Survivor             →     27 objs
[WARN] Gastroschisis             → 404 not-found
[OK ] unknowndisease            →    327 objs
[OK ] WhippleDisease            →      6 objs
[OK ] PrecociousPuberty         →     50 objs
[WARN] OrthostaticTremors        → 403 forbidden
[OK ] dnafragmentation          →  4,019 objs
[OK ] vEDS                      →  1,156 objs
[OK ] gitelman                  →    394 objs
[OK ] glossopharyngeal          →    875 objs
[OK ] GSDTheDisease             →     10 objs
[OK ] glycogenstoragedisea      →     37 objs
[OK ] HypertrophicCM            →  6,310 objs
[OK ] GoldenharSyndrome         →      9 objs
[OK ] AiWSyndrome               →    316 objs
[OK ] GorlinSyndrome            →     16 objs
[OK ] GranulomatousMastitis     →      5 objs
[OK ] HELLPsyndrome             →    364 objs
[OK ] HemicraniaContinua        →  1,739 objs
[OK ] HemifacialSpasms          →  1,280 objs
[OK ] Hereditary_Angioedema     →    137 objs
[OK ] BRCA                      → 12,624 objs
[OK ] HaTSyndrome               →    157 objs
[OK ] HNPPsupport               →    554 objs
[OK ] ThoseWithOI               →     79 objs
[OK ] Hirschsprungs             →  1,489 objs
[OK ] GeneticHighLDL            →    212 objs
[OK ] Prions                    →      2 objs
[OK ] HDsupport                 →     36 objs
[OK ] Hyper_IgE                 →     32 objs
[WARN] hyperekplexia             → no data
[OK ] fhbl                      →     14 objs
[OK ] HLHS                      →    693 objs
[OK ] aplasticanemia            →  1,207 objs
[OK ] SCADHeart                 →     13 objs
[OK ] syringomyelia_syrinx      →      7 objs
[OK ] cfs                       → 17,223 objs
[OK ] coppertoxic               →     16 objs
[OK ] ThyroidEyeDisease         →  6,220 objs
[OK ] Vasculitis                →     67 objs
[WARN] IncontinentiaPigmenti     → no data
[OK ] LCH                       →     23 objs
[OK ] pompediseaseparents       →     14 objs
[OK ] infantilespasms           →  2,983 objs
[OK ] POTS_Minnesota            →    166 objs
[OK ] faceblind                 →    403 objs
[OK ] CharcotMarieTooth         →    119 objs
[OK ] interm_hydrarthrosis      →     17 objs
[OK ] fastfeeling               →  5,532 objs
[OK ] lymphangiectasia          →    130 objs
[OK ] MarcusGunnSyndrome        →     44 objs
[OK ] Apraxia                   →  1,942 objs
[OK ] CongenitalAnosmia         →    224 objs
[OK ] OpticNerveHypoplasia      →    122 objs
[OK ] sjsten                    →     11 objs
[OK ] NutcrackerSyndrome        →  3,543 objs
[OK ] monomelicamyotrophy       →     39 objs
[OK ] PLSmnd                    →     10 objs
[OK ] KBGsyndrome               →      3 objs
[OK ] kabukisyndrome            →     24 objs
[WARN] KikuchiDisease            → no data
[WARN] KleefstraSyndrome         → no data
[WARN] kuru                      → 403 forbidden
[OK ] LARPAR                    →    764 objs
[WARN] Laryngocele               → no data
[OK ] AMLX                      →     31 objs
[OK ] MEAction                  →  1,379 objs
[OK ] leiomyosarcoma            →     13 objs
[OK ] opticatrophy              →     10 objs
[OK ] leukodystrophy            →     55 objs
[OK ] PachyonychiaCongenita     →     43 objs
[OK ] Li_Fraumeni_Syndrome      →     84 objs
[OK ] LichenPlanopilaris        →    284 objs
[OK ] mito                      →  2,451 objs
[OK ] chcats                    →  1,798 objs
[WARN] CH_Kitties                → 403 forbidden
[OK ] lupuspanniculitis         →      8 objs
[OK ] LAM                       →     41 objs
[OK ] syndactyly                →    126 objs
[OK ] MCAS_                     →     31 objs
[OK ] marfans                   → 10,673 objs
[OK ] BierSpots                 →     25 objs
[OK ] MastCellDiseases          →  7,005 objs
[OK ] MCAS                      → 14,077 objs
[WARN] maythurnersyndrome        → no data
[OK ] VaricoceleMayThurner      →    306 objs
[OK ] medullary_tc              →     18 objs
[OK ] mesocardia                →      9 objs
[OK ] AMM                       →     10 objs
[OK ] moebiussyndrome           →    146 objs
[OK ] MastCellDisorders         →     24 objs
[OK ] HirayamaDisease           →    221 objs
[OK ] FibrousDysplasia          →    117 objs
[OK ] MosaicTurnerSyndrome      →    235 objs
[OK ] mnd                       →     37 objs
[OK ] hsp_pls                   →     32 objs
[OK ] Sanfilippo                →      9 objs
[OK ] multiplesystematrophy     →  1,479 objs
[OK ] MSAtrophy                 →     24 objs
[OK ] MIS_C                     →    230 objs
[WARN] myiasis                   → 404 not-found
[OK ] NagerSyndrome             →     19 objs
[OK ] RenalCats                 → 12,697 objs
[OK ] nanophthalmos             →      3 objs
[WARN] NecrobiosisLipoidica      → no data
[OK ] HIE                       →    152 objs
[OK ] neuroblastoma             →    366 objs
[OK ] NMOSD                     →     44 objs
[OK ] nipah_virus_2023          →      9 objs
[OK ] nipah                     →     75 objs
[WARN] noma                      → no data
[OK ] Non_24                    →     53 objs
[OK ] N24                       → 12,260 objs
[OK ] GrowthHormoneForKids      →     79 objs
[OK ] CranioFolk                →    274 objs
[OK ] NoonanSyndrome            →    108 objs
[OK ] NoonanSyndromeAU          →     37 objs
[OK ] Albinism                  →  4,165 objs
[WARN] oligodendroglioma         → 404 not-found
[OK ] omphalocele               →      2 objs
[OK ] osteoblastoma             →      3 objs
[OK ] BrittleBones              →    897 objs
[OK ] osteogenesisimperfect     →     43 objs
[WARN] Panuveitis                → 403 forbidden
[OK ] paroxysmaldyskinesia      →     75 objs
[OK ] EpilepsyDogs              → 13,713 objs
[OK ] ParoxysmalHemicrania      →     80 objs
[OK ] pemphigus                 →    450 objs
[OK ] PPCM_Heart_Failure        →     23 objs
[OK ] PeutzJeghersSyndrome      →     17 objs
[OK ] phenylketonuria           →  1,032 objs
[OK ] Paraganglioma             →     24 objs
[OK ] PolyArteritisNodosa       →     59 objs
[OK ] polycythemiavera          →  8,089 objs
[OK ] Polymyositis              →     68 objs
[OK ] POIS                      → 12,779 objs
[OK ] postpartumpsychosis       →      1 objs
[OK ] TeensWwPOTS               →     10 objs
[OK ] PBCers                    →    495 objs
[OK ] SynovialChondro           →    236 objs
[OK ] PrimaryCiliaryD           →     75 objs
[OK ] CutisVerticisGyrata       →      6 objs
[OK ] CVGcare                   →     18 objs
[OK ] aquagenicpruritus         →    530 objs
[OK ] Lymphedema                → 10,176 objs
[OK ] OrthostaticTremor         →      4 objs
[OK ] PSC                       →  8,489 objs
[OK ] tetheredcord              →  1,813 objs
[OK ] Keratoconustreatment      →     15 objs
[WARN] pseudomyxomaperitonei     → no data
[OK ] Parasomnias               →     26 objs
[OK ] PulmonaryHypertension     →  5,142 objs
[WARN] pureautonomicfailure      → no data
[WARN] RASopathy                 → 403 forbidden
[OK ] rabies                    →  4,078 objs
[OK ] RareDiseaseDiagnostic     →     45 objs
[OK ] DomperidonEffects         →     17 objs
[OK ] EGPAsupport               →    523 objs
[OK ] ManySidesOfJanePublic     →    189 objs
[OK ] CARPskincondition         →    216 objs
[OK ] XLH                       →     51 objs
[OK ] SchofieldCabanaAbuse      →  2,502 objs
[OK ] GeneticSyndromes          →      2 objs
[OK ] Modydiabetes              →    204 objs
[OK ] ButterFlyWingsEB          →      3 objs
[OK ] UCDfamilies               →    181 objs
[OK ] ConnSyndrome              →      1 objs
[OK ] ocularmelanoma            →     53 objs
[OK ] CRPScontender             →     69 objs
[OK ] RelapsingPolychondrit     →    505 objs
[OK ] Erythromelalgia           → 10,954 objs
[OK ] RetinitisPigmentosa       → 10,737 objs
[WARN] Retinoblastoma            → 404 not-found
[OK ] RCVS                      →    306 objs
[OK ] rhabdomyosarcoma          →     18 objs
[OK ] valleyfever               →    177 objs
[OK ] SAPHOsyndrome             →      4 objs
[WARN] Schizencephaly            → no data
[OK ] scds                      →  3,326 objs
[OK ] MonoHearing               → 12,596 objs
[OK ] Trans_Zebras              →  2,623 objs
[OK ] TMAU                      → 11,627 objs
[OK ] silentsinussyndrome       →    101 objs
[OK ] SitusInversus             →     29 objs
[OK ] Smith_Magenis_SMS         →     12 objs
[OK ] SolarUrticaria            →    255 objs
[OK ] SotosSyndrome             →     22 objs
[OK ] CaudaEquinaSyndrome       →  4,291 objs
[OK ] brainstemcavernoma        →     69 objs
[OK ] hipdysplasia2             →      1 objs
[OK ] sprengelsdeformity        →     19 objs
[OK ] stargardts                →    389 objs
[OK ] steatocystomamultiple     →     59 objs
[OK ] Shriners                  →    661 objs
[OK ] WethePeoplehaveSMAS       →     82 objs
[OK ] CROCUS                    →      3 objs
[WARN] syringomyelia             → 404 not-found
[OK ] Takayasuarteritis         →    127 objs
[OK ] Tetralogy_of_Fallot       →  3,113 objs
[OK ] VonWillebrand             →    150 objs
[OK ] TreacherCollins           →     28 objs
[OK ] TrisomyX                  →     78 objs
[WARN] Tritanopia                → 403 forbidden
[OK ] TuberousSclerosisComp     →    392 objs
[OK ] TurnerSyndrome            →  1,771 objs
[OK ] ParsonageTurnerSyndro     →    204 objs
[OK ] ushersyndrome             →    304 objs
[WARN] BSE                       → 403 forbidden
[WARN] VestibularSchwannoma      → no data
[OK ] vibratoryUrticaria        →    103 objs
[OK ] VisualSnowSyndrome        →    505 objs
[OK ] VisualSnowRecovery        →    181 objs
[OK ] vkh                       →     22 objs
[OK ] vonHippelLindau           →     14 objs
[OK ] wagrsyndrome              →     18 objs
[OK ] wpwsyndrome               →     11 objs
[OK ] williamssyndrome          →    732 objs
[OK ] WilsonsDisease            →     59 objs
[OK ] WolframSyndrome           →      1 objs
[OK ] xerodermapigmentosum      →     17 objs
[WARN] Journeyoflife             → no data
[OK ] Thiamine_B1               →     91 objs
